0.50.5101050
seed : 0


"/home/lionel/Documents/ENSTA/PRe/Polimi/code/data/newDB/instance_128.txt"
Nb nodes : 2000
Nb arcs : 9200
	5 obstacles
Obstacles seed : 1804289383
	20 obstacles
Obstacles seed : 846930886
	60 obstacles
Obstacles seed : 1681692777
	100 obstacles
Obstacles seed : 1714636915
"/home/lionel/Documents/ENSTA/PRe/Polimi/code/data/newDB/instance_425.txt"
Nb nodes : 2000
Nb arcs : 7200
	5 obstacles
Obstacles seed : 1957747793
	20 obstacles
Obstacles seed : 424238335
	60 obstacles
Obstacles seed : 719885386
	100 obstacles
Obstacles seed : 1649760492
"/home/lionel/Documents/ENSTA/PRe/Polimi/code/data/newDB/instance_443.txt"
Nb nodes : 2000
Nb arcs : 7200
	5 obstacles
Obstacles seed : 596516649
	20 obstacles
Obstacles seed : 1189641421
	60 obstacles
Obstacles seed : 1025202362
	100 obstacles
Obstacles seed : 1350490027
"/home/lionel/Documents/ENSTA/PRe/Polimi/code/data/newDB/instance_0.txt"
Nb nodes : 500
Nb arcs : 2800
	5 obstacles
Obstacles seed : 783368690
	20 obstacles
Obstacles seed : 1102520059
	60 obstacles
Obstacles seed : 2044897763
	100 obstacles
Obstacles seed : 1967513926
"/home/lionel/Documents/ENSTA/PRe/Polimi/code/data/newDB/instance_117.txt"
Nb nodes : 1000
Nb arcs : 5600
	5 obstacles
Obstacles seed : 1365180540
	20 obstacles
Obstacles seed : 1540383426
	60 obstacles
Obstacles seed : 304089172
	100 obstacles
Obstacles seed : 1303455736
"/home/lionel/Documents/ENSTA/PRe/Polimi/code/data/newDB/instance_34.txt"
Nb nodes : 500
Nb arcs : 2800
	5 obstacles
Obstacles seed : 35005211
	20 obstacles
Obstacles seed : 521595368
	60 obstacles
Obstacles seed : 294702567
	100 obstacles
Obstacles seed : 1726956429
"/home/lionel/Documents/ENSTA/PRe/Polimi/code/data/newDB/instance_21.txt"
Nb nodes : 500
Nb arcs : 2300
	5 obstacles
Obstacles seed : 336465782
	20 obstacles
Obstacles seed : 861021530
	60 obstacles
Obstacles seed : 278722862
	100 obstacles
Obstacles seed : 233665123
"/home/lionel/Documents/ENSTA/PRe/Polimi/code/data/newDB/instance_162.txt"
Nb nodes : 2000
Nb arcs : 11200
	5 obstacles
Obstacles seed : 2145174067
	20 obstacles
Obstacles seed : 468703135
	60 obstacles
Obstacles seed : 1101513929
	100 obstacles
Obstacles seed : 1801979802
"/home/lionel/Documents/ENSTA/PRe/Polimi/code/data/newDB/instance_85.txt"
Nb nodes : 1000
Nb arcs : 4600
	5 obstacles
Obstacles seed : 1315634022
	20 obstacles
Obstacles seed : 635723058
	60 obstacles
Obstacles seed : 1369133069
	100 obstacles
Obstacles seed : 1125898167
"/home/lionel/Documents/ENSTA/PRe/Polimi/code/data/newDB/instance_205.txt"
Nb nodes : 500
Nb arcs : 1800
	5 obstacles
Obstacles seed : 1059961393
	20 obstacles
Obstacles seed : 2089018456
	60 obstacles
Obstacles seed : 628175011
	100 obstacles
Obstacles seed : 1656478042
"/home/lionel/Documents/ENSTA/PRe/Polimi/code/data/newDB/instance_4.txt"
Nb nodes : 500
Nb arcs : 2300
	5 obstacles
Obstacles seed : 1131176229
	20 obstacles
Obstacles seed : 1653377373
	60 obstacles
Obstacles seed : 859484421
	100 obstacles
Obstacles seed : 1914544919
"/home/lionel/Documents/ENSTA/PRe/Polimi/code/data/newDB/instance_28.txt"
Nb nodes : 500
Nb arcs : 2300
	5 obstacles
Obstacles seed : 608413784
	20 obstacles
Obstacles seed : 756898537
	60 obstacles
Obstacles seed : 1734575198
	100 obstacles
Obstacles seed : 1973594324
"/home/lionel/Documents/ENSTA/PRe/Polimi/code/data/newDB/instance_16.txt"
Nb nodes : 500
Nb arcs : 2300
	5 obstacles
Obstacles seed : 149798315
	20 obstacles
Obstacles seed : 2038664370
	60 obstacles
Obstacles seed : 1129566413
	100 obstacles
Obstacles seed : 184803526
"/home/lionel/Documents/ENSTA/PRe/Polimi/code/data/newDB/instance_50.txt"
Nb nodes : 500
Nb arcs : 2800
	5 obstacles
Obstacles seed : 412776091
	20 obstacles
Obstacles seed : 1424268980
	60 obstacles
Obstacles seed : 1911759956
	100 obstacles
Obstacles seed : 749241873
"/home/lionel/Documents/ENSTA/PRe/Polimi/code/data/newDB/instance_9.txt"
Nb nodes : 500
Nb arcs : 2300
	5 obstacles
Obstacles seed : 137806862
	20 obstacles
Obstacles seed : 42999170
	60 obstacles
Obstacles seed : 982906996
	100 obstacles
Obstacles seed : 135497281
"/home/lionel/Documents/ENSTA/PRe/Polimi/code/data/newDB/instance_427.txt"
Nb nodes : 2000
Nb arcs : 7200
	5 obstacles
Obstacles seed : 511702305
	20 obstacles
Obstacles seed : 2084420925
	60 obstacles
Obstacles seed : 1937477084
	100 obstacles
Obstacles seed : 1827336327
"/home/lionel/Documents/ENSTA/PRe/Polimi/code/data/newDB/instance_17.txt"
Nb nodes : 500
Nb arcs : 2300
	5 obstacles
Obstacles seed : 572660336
	20 obstacles
Obstacles seed : 1159126505
	60 obstacles
Obstacles seed : 805750846
	100 obstacles
Obstacles seed : 1632621729
"/home/lionel/Documents/ENSTA/PRe/Polimi/code/data/newDB/instance_86.txt"
Nb nodes : 1000
Nb arcs : 4600
	5 obstacles
Obstacles seed : 1100661313
	20 obstacles
Obstacles seed : 1433925857
	60 obstacles
Obstacles seed : 1141616124
	100 obstacles
Obstacles seed : 84353895
"/home/lionel/Documents/ENSTA/PRe/Polimi/code/data/newDB/instance_433.txt"
Nb nodes : 2000
Nb arcs : 7200
	5 obstacles
Obstacles seed : 939819582
	20 obstacles
Obstacles seed : 2001100545
	60 obstacles
Obstacles seed : 1998898814
	100 obstacles
Obstacles seed : 1548233367
"/home/lionel/Documents/ENSTA/PRe/Polimi/code/data/newDB/instance_199.txt"
Nb nodes : 500
Nb arcs : 1800
	5 obstacles
Obstacles seed : 610515434
	20 obstacles
Obstacles seed : 1585990364
	60 obstacles
Obstacles seed : 1374344043
	100 obstacles
Obstacles seed : 760313750
"/home/lionel/Documents/ENSTA/PRe/Polimi/code/data/newDB/instance_148.txt"
Nb nodes : 2000
Nb arcs : 9200
	5 obstacles
Obstacles seed : 1477171087
	20 obstacles
Obstacles seed : 356426808
	60 obstacles
Obstacles seed : 945117276
	100 obstacles
Obstacles seed : 1889947178
"/home/lionel/Documents/ENSTA/PRe/Polimi/code/data/newDB/instance_12.txt"
Nb nodes : 500
Nb arcs : 2300
	5 obstacles
Obstacles seed : 1780695788
	20 obstacles
Obstacles seed : 709393584
	60 obstacles
Obstacles seed : 491705403
	100 obstacles
Obstacles seed : 1918502651
"/home/lionel/Documents/ENSTA/PRe/Polimi/code/data/newDB/instance_77.txt"
Nb nodes : 1000
Nb arcs : 4600
	5 obstacles
Obstacles seed : 752392754
	20 obstacles
Obstacles seed : 1474612399
	60 obstacles
Obstacles seed : 2053999932
	100 obstacles
Obstacles seed : 1264095060
"/home/lionel/Documents/ENSTA/PRe/Polimi/code/data/newDB/instance_158.txt"
Nb nodes : 2000
Nb arcs : 11200
	5 obstacles
Obstacles seed : 1411549676
	20 obstacles
Obstacles seed : 1843993368
	60 obstacles
Obstacles seed : 943947739
	100 obstacles
Obstacles seed : 1984210012
"/home/lionel/Documents/ENSTA/PRe/Polimi/code/data/newDB/instance_76.txt"
Nb nodes : 1000
Nb arcs : 4600
	5 obstacles
Obstacles seed : 855636226
	20 obstacles
Obstacles seed : 1749698586
	60 obstacles
Obstacles seed : 1469348094
	100 obstacles
Obstacles seed : 1956297539
"/home/lionel/Documents/ENSTA/PRe/Polimi/code/data/newDB/instance_29.txt"
Nb nodes : 500
Nb arcs : 2300
	5 obstacles
Obstacles seed : 1036140795
	20 obstacles
Obstacles seed : 463480570
	60 obstacles
Obstacles seed : 2040651434
	100 obstacles
Obstacles seed : 1975960378
"/home/lionel/Documents/ENSTA/PRe/Polimi/code/data/newDB/instance_109.txt"
Nb nodes : 1000
Nb arcs : 5600
	5 obstacles
Obstacles seed : 317097467
	20 obstacles
Obstacles seed : 1892066601
	60 obstacles
Obstacles seed : 1376710097
	100 obstacles
Obstacles seed : 927612902
"/home/lionel/Documents/ENSTA/PRe/Polimi/code/data/newDB/instance_124.txt"
Nb nodes : 2000
Nb arcs : 9200
	5 obstacles
Obstacles seed : 1330573317
	20 obstacles
Obstacles seed : 603570492
	60 obstacles
Obstacles seed : 1687926652
	100 obstacles
Obstacles seed : 660260756
"/home/lionel/Documents/ENSTA/PRe/Polimi/code/data/newDB/instance_165.txt"
Nb nodes : 2000
Nb arcs : 11200
	5 obstacles
Obstacles seed : 959997301
	20 obstacles
Obstacles seed : 485560280
	60 obstacles
Obstacles seed : 402724286
	100 obstacles
Obstacles seed : 593209441
"/home/lionel/Documents/ENSTA/PRe/Polimi/code/data/newDB/instance_43.txt"
Nb nodes : 500
Nb arcs : 2800
	5 obstacles
Obstacles seed : 1194953865
	20 obstacles
Obstacles seed : 894429689
	60 obstacles
Obstacles seed : 364228444
	100 obstacles
Obstacles seed : 1947346619
"/home/lionel/Documents/ENSTA/PRe/Polimi/code/data/newDB/instance_163.txt"
Nb nodes : 2000
Nb arcs : 11200
	5 obstacles
Obstacles seed : 221558440
	20 obstacles
Obstacles seed : 270744729
	60 obstacles
Obstacles seed : 1063958031
	100 obstacles
Obstacles seed : 1633108117
"/home/lionel/Documents/ENSTA/PRe/Polimi/code/data/newDB/instance_87.txt"
Nb nodes : 1000
Nb arcs : 4600
	5 obstacles
Obstacles seed : 2114738097
	20 obstacles
Obstacles seed : 2007905771
	60 obstacles
Obstacles seed : 1469834481
	100 obstacles
Obstacles seed : 822890675
"/home/lionel/Documents/ENSTA/PRe/Polimi/code/data/newDB/instance_102.txt"
Nb nodes : 1000
Nb arcs : 5600
	5 obstacles
Obstacles seed : 1610120709
	20 obstacles
Obstacles seed : 791698927
	60 obstacles
Obstacles seed : 631704567
	100 obstacles
Obstacles seed : 498777856
"/home/lionel/Documents/ENSTA/PRe/Polimi/code/data/newDB/instance_143.txt"
Nb nodes : 2000
Nb arcs : 9200
	5 obstacles
Obstacles seed : 1255179497
	20 obstacles
Obstacles seed : 524872353
	60 obstacles
Obstacles seed : 327254586
	100 obstacles
Obstacles seed : 1572276965
"/home/lionel/Documents/ENSTA/PRe/Polimi/code/data/newDB/instance_444.txt"
Nb nodes : 2000
Nb arcs : 7200
	5 obstacles
Obstacles seed : 269455306
	20 obstacles
Obstacles seed : 1703964683
	60 obstacles
Obstacles seed : 352406219
	100 obstacles
Obstacles seed : 1600028624
"/home/lionel/Documents/ENSTA/PRe/Polimi/code/data/newDB/instance_67.txt"
Nb nodes : 1000
Nb arcs : 4600
	5 obstacles
Obstacles seed : 160051528
	20 obstacles
Obstacles seed : 2040332871
	60 obstacles
Obstacles seed : 112805732
	100 obstacles
Obstacles seed : 1120048829
"/home/lionel/Documents/ENSTA/PRe/Polimi/code/data/newDB/instance_81.txt"
Nb nodes : 1000
Nb arcs : 4600
	5 obstacles
Obstacles seed : 378409503
	20 obstacles
Obstacles seed : 515530019
	60 obstacles
Obstacles seed : 1713258270
	100 obstacles
Obstacles seed : 1573363368
"/home/lionel/Documents/ENSTA/PRe/Polimi/code/data/newDB/instance_36.txt"
Nb nodes : 500
Nb arcs : 2800
	5 obstacles
Obstacles seed : 1409959708
	20 obstacles
Obstacles seed : 2077486715
	60 obstacles
Obstacles seed : 1373226340
	100 obstacles
Obstacles seed : 1631518149
"/home/lionel/Documents/ENSTA/PRe/Polimi/code/data/newDB/instance_239.txt"
Nb nodes : 1000
Nb arcs : 3600
	5 obstacles
Obstacles seed : 200747796
	20 obstacles
Obstacles seed : 289700723
	60 obstacles
Obstacles seed : 1117142618
	100 obstacles
Obstacles seed : 168002245
"/home/lionel/Documents/ENSTA/PRe/Polimi/code/data/newDB/instance_216.txt"
Nb nodes : 1000
Nb arcs : 3600
	5 obstacles
Obstacles seed : 150122846
	20 obstacles
Obstacles seed : 439493451
	60 obstacles
Obstacles seed : 990892921
	100 obstacles
Obstacles seed : 1760243555
"/home/lionel/Documents/ENSTA/PRe/Polimi/code/data/newDB/instance_220.txt"
Nb nodes : 1000
Nb arcs : 3600
	5 obstacles
Obstacles seed : 1231192379
	20 obstacles
Obstacles seed : 1622597488
	60 obstacles
Obstacles seed : 111537764
	100 obstacles
Obstacles seed : 338888228
"/home/lionel/Documents/ENSTA/PRe/Polimi/code/data/newDB/instance_430.txt"
Nb nodes : 2000
Nb arcs : 7200
	5 obstacles
Obstacles seed : 2147469841
	20 obstacles
Obstacles seed : 438792350
	60 obstacles
Obstacles seed : 1911165193
	100 obstacles
Obstacles seed : 269441500
"/home/lionel/Documents/ENSTA/PRe/Polimi/code/data/newDB/instance_42.txt"
Nb nodes : 500
Nb arcs : 2800
	5 obstacles
Obstacles seed : 2142757034
	20 obstacles
Obstacles seed : 116087764
	60 obstacles
Obstacles seed : 1869470124
	100 obstacles
Obstacles seed : 155324914
"/home/lionel/Documents/ENSTA/PRe/Polimi/code/data/newDB/instance_5.txt"
Nb nodes : 500
Nb arcs : 2300
	5 obstacles
Obstacles seed : 8936987
	20 obstacles
Obstacles seed : 1982275856
	60 obstacles
Obstacles seed : 1275373743
	100 obstacles
Obstacles seed : 387346491
"/home/lionel/Documents/ENSTA/PRe/Polimi/code/data/newDB/instance_218.txt"
Nb nodes : 1000
Nb arcs : 3600
	5 obstacles
Obstacles seed : 350322227
	20 obstacles
Obstacles seed : 841148365
	60 obstacles
Obstacles seed : 1960709859
	100 obstacles
Obstacles seed : 1760281936
"/home/lionel/Documents/ENSTA/PRe/Polimi/code/data/newDB/instance_22.txt"
Nb nodes : 500
Nb arcs : 2300
	5 obstacles
Obstacles seed : 771151432
	20 obstacles
Obstacles seed : 1186452551
	60 obstacles
Obstacles seed : 1244316437
	100 obstacles
Obstacles seed : 971899228
"/home/lionel/Documents/ENSTA/PRe/Polimi/code/data/newDB/instance_111.txt"
Nb nodes : 1000
Nb arcs : 5600
	5 obstacles
Obstacles seed : 1476153275
	20 obstacles
Obstacles seed : 213975407
	60 obstacles
Obstacles seed : 1139901474
	100 obstacles
Obstacles seed : 1626276121
"/home/lionel/Documents/ENSTA/PRe/Polimi/code/data/newDB/instance_161.txt"
Nb nodes : 2000
Nb arcs : 11200
	5 obstacles
Obstacles seed : 653468858
	20 obstacles
Obstacles seed : 2130794395
	60 obstacles
Obstacles seed : 1239036029
	100 obstacles
Obstacles seed : 1884661237
"/home/lionel/Documents/ENSTA/PRe/Polimi/code/data/newDB/instance_13.txt"
Nb nodes : 500
Nb arcs : 2300
	5 obstacles
Obstacles seed : 1605908235
	20 obstacles
Obstacles seed : 1350573793
	60 obstacles
Obstacles seed : 76065818
	100 obstacles
Obstacles seed : 1605894428
"/home/lionel/Documents/ENSTA/PRe/Polimi/code/data/newDB/instance_108.txt"
Nb nodes : 1000
Nb arcs : 5600
	5 obstacles
Obstacles seed : 1789366143
	20 obstacles
Obstacles seed : 1987231011
	60 obstacles
Obstacles seed : 1875335928
	100 obstacles
Obstacles seed : 1784639529
"/home/lionel/Documents/ENSTA/PRe/Polimi/code/data/newDB/instance_168.txt"
Nb nodes : 2000
Nb arcs : 11200
	5 obstacles
Obstacles seed : 2103318776
	20 obstacles
Obstacles seed : 1597322404
	60 obstacles
Obstacles seed : 1939964443
	100 obstacles
Obstacles seed : 2112255763
"/home/lionel/Documents/ENSTA/PRe/Polimi/code/data/newDB/instance_208.txt"
Nb nodes : 500
Nb arcs : 1800
	5 obstacles
Obstacles seed : 1432114613
	20 obstacles
Obstacles seed : 1067854538
	60 obstacles
Obstacles seed : 352118606
	100 obstacles
Obstacles seed : 1782436840
"/home/lionel/Documents/ENSTA/PRe/Polimi/code/data/newDB/instance_222.txt"
Nb nodes : 1000
Nb arcs : 3600
	5 obstacles
Obstacles seed : 1909002904
	20 obstacles
Obstacles seed : 165344818
	60 obstacles
Obstacles seed : 1395235128
	100 obstacles
Obstacles seed : 532670688
"/home/lionel/Documents/ENSTA/PRe/Polimi/code/data/newDB/instance_92.txt"
Nb nodes : 1000
Nb arcs : 5600
	5 obstacles
Obstacles seed : 1351797369
	20 obstacles
Obstacles seed : 492067917
	60 obstacles
Obstacles seed : 1504569917
	100 obstacles
Obstacles seed : 680466996
"/home/lionel/Documents/ENSTA/PRe/Polimi/code/data/newDB/instance_125.txt"
Nb nodes : 2000
Nb arcs : 9200
	5 obstacles
Obstacles seed : 706043324
	20 obstacles
Obstacles seed : 496987743
	60 obstacles
Obstacles seed : 159259470
	100 obstacles
Obstacles seed : 1359512183
"/home/lionel/Documents/ENSTA/PRe/Polimi/code/data/newDB/instance_7.txt"
Nb nodes : 500
Nb arcs : 2300
	5 obstacles
Obstacles seed : 480298490
	20 obstacles
Obstacles seed : 1398295499
	60 obstacles
Obstacles seed : 1096689772
	100 obstacles
Obstacles seed : 2086206725
"/home/lionel/Documents/ENSTA/PRe/Polimi/code/data/newDB/instance_420.txt"
Nb nodes : 2000
Nb arcs : 7200
	5 obstacles
Obstacles seed : 601385644
	20 obstacles
Obstacles seed : 1172755590
	60 obstacles
Obstacles seed : 1544617505
	100 obstacles
Obstacles seed : 243268139
"/home/lionel/Documents/ENSTA/PRe/Polimi/code/data/newDB/instance_157.txt"
Nb nodes : 2000
Nb arcs : 11200
	5 obstacles
Obstacles seed : 1012502954
	20 obstacles
Obstacles seed : 1272469786
	60 obstacles
Obstacles seed : 2027907669
	100 obstacles
Obstacles seed : 968338082
"/home/lionel/Documents/ENSTA/PRe/Polimi/code/data/newDB/instance_99.txt"
Nb nodes : 1000
Nb arcs : 5600
	5 obstacles
Obstacles seed : 722308542
	20 obstacles
Obstacles seed : 1820388464
	60 obstacles
Obstacles seed : 933110197
	100 obstacles
Obstacles seed : 6939507
"/home/lionel/Documents/ENSTA/PRe/Polimi/code/data/newDB/instance_62.txt"
Nb nodes : 1000
Nb arcs : 4600
	5 obstacles
Obstacles seed : 740759355
	20 obstacles
Obstacles seed : 1285228804
	60 obstacles
Obstacles seed : 1789376348
	100 obstacles
Obstacles seed : 502278611
"/home/lionel/Documents/ENSTA/PRe/Polimi/code/data/newDB/instance_238.txt"
Nb nodes : 1000
Nb arcs : 3600
	5 obstacles
Obstacles seed : 1450573622
	20 obstacles
Obstacles seed : 1037127828
	60 obstacles
Obstacles seed : 1034949299
	100 obstacles
Obstacles seed : 654887343
"/home/lionel/Documents/ENSTA/PRe/Polimi/code/data/newDB/instance_212.txt"
Nb nodes : 1000
Nb arcs : 3600
	5 obstacles
Obstacles seed : 1529195746
	20 obstacles
Obstacles seed : 392035568
	60 obstacles
Obstacles seed : 1335354340
	100 obstacles
Obstacles seed : 87755422
"/home/lionel/Documents/ENSTA/PRe/Polimi/code/data/newDB/instance_2.txt"
Nb nodes : 500
Nb arcs : 2300
	5 obstacles
Obstacles seed : 889023311
	20 obstacles
Obstacles seed : 1494613810
	60 obstacles
Obstacles seed : 1447267605
	100 obstacles
Obstacles seed : 1369321801
"/home/lionel/Documents/ENSTA/PRe/Polimi/code/data/newDB/instance_227.txt"
Nb nodes : 1000
Nb arcs : 3600
	5 obstacles
Obstacles seed : 745425661
	20 obstacles
Obstacles seed : 396473730
	60 obstacles
Obstacles seed : 1308044878
	100 obstacles
Obstacles seed : 1346811305
"/home/lionel/Documents/ENSTA/PRe/Polimi/code/data/newDB/instance_207.txt"
Nb nodes : 500
Nb arcs : 1800
	5 obstacles
Obstacles seed : 1569229320
	20 obstacles
Obstacles seed : 705178736
	60 obstacles
Obstacles seed : 1590079444
	100 obstacles
Obstacles seed : 434248626
"/home/lionel/Documents/ENSTA/PRe/Polimi/code/data/newDB/instance_89.txt"
Nb nodes : 1000
Nb arcs : 4600
	5 obstacles
Obstacles seed : 1977648522
	20 obstacles
Obstacles seed : 1470503465
	60 obstacles
Obstacles seed : 1402586708
	100 obstacles
Obstacles seed : 552473416
"/home/lionel/Documents/ENSTA/PRe/Polimi/code/data/newDB/instance_95.txt"
Nb nodes : 1000
Nb arcs : 5600
	5 obstacles
Obstacles seed : 1143408282
	20 obstacles
Obstacles seed : 188213258
	60 obstacles
Obstacles seed : 559412924
	100 obstacles
Obstacles seed : 1884167637
"/home/lionel/Documents/ENSTA/PRe/Polimi/code/data/newDB/instance_191.txt"
Nb nodes : 500
Nb arcs : 1800
	5 obstacles
Obstacles seed : 1473442062
	20 obstacles
Obstacles seed : 201305624
	60 obstacles
Obstacles seed : 238962600
	100 obstacles
Obstacles seed : 776532036
"/home/lionel/Documents/ENSTA/PRe/Polimi/code/data/newDB/instance_126.txt"
Nb nodes : 2000
Nb arcs : 9200
	5 obstacles
Obstacles seed : 1238433452
	20 obstacles
Obstacles seed : 1273911899
	60 obstacles
Obstacles seed : 1431419379
	100 obstacles
Obstacles seed : 620145550
"/home/lionel/Documents/ENSTA/PRe/Polimi/code/data/newDB/instance_177.txt"
Nb nodes : 2000
Nb arcs : 11200
	5 obstacles
Obstacles seed : 1665947468
	20 obstacles
Obstacles seed : 619290071
	60 obstacles
Obstacles seed : 707900973
	100 obstacles
Obstacles seed : 407487131
"/home/lionel/Documents/ENSTA/PRe/Polimi/code/data/newDB/instance_187.txt"
Nb nodes : 500
Nb arcs : 1800
	5 obstacles
Obstacles seed : 2113903881
	20 obstacles
Obstacles seed : 7684930
	60 obstacles
Obstacles seed : 1776808933
	100 obstacles
Obstacles seed : 711845894
"/home/lionel/Documents/ENSTA/PRe/Polimi/code/data/newDB/instance_113.txt"
Nb nodes : 1000
Nb arcs : 5600
	5 obstacles
Obstacles seed : 404158660
	20 obstacles
Obstacles seed : 937370163
	60 obstacles
Obstacles seed : 2058657199
	100 obstacles
Obstacles seed : 1973387981
"/home/lionel/Documents/ENSTA/PRe/Polimi/code/data/newDB/instance_84.txt"
Nb nodes : 1000
Nb arcs : 4600
	5 obstacles
Obstacles seed : 1642548899
	20 obstacles
Obstacles seed : 1501252996
	60 obstacles
Obstacles seed : 260152959
	100 obstacles
Obstacles seed : 1472713773
"/home/lionel/Documents/ENSTA/PRe/Polimi/code/data/newDB/instance_26.txt"
Nb nodes : 500
Nb arcs : 2300
	5 obstacles
Obstacles seed : 824272813
	20 obstacles
Obstacles seed : 1662739668
	60 obstacles
Obstacles seed : 2025187190
	100 obstacles
Obstacles seed : 1967681095
"/home/lionel/Documents/ENSTA/PRe/Polimi/code/data/newDB/instance_204.txt"
Nb nodes : 500
Nb arcs : 1800
	5 obstacles
Obstacles seed : 1850952926
	20 obstacles
Obstacles seed : 437116466
	60 obstacles
Obstacles seed : 1704365084
	100 obstacles
Obstacles seed : 1176911340
"/home/lionel/Documents/ENSTA/PRe/Polimi/code/data/newDB/instance_181.txt"
Nb nodes : 500
Nb arcs : 1800
	5 obstacles
Obstacles seed : 638422090
	20 obstacles
Obstacles seed : 1943327684
	60 obstacles
Obstacles seed : 1953443376
	100 obstacles
Obstacles seed : 1876855542
"/home/lionel/Documents/ENSTA/PRe/Polimi/code/data/newDB/instance_19.txt"
Nb nodes : 500
Nb arcs : 2300
	5 obstacles
Obstacles seed : 1069755936
	20 obstacles
Obstacles seed : 1237379107
	60 obstacles
Obstacles seed : 349517445
	100 obstacles
Obstacles seed : 588219756
"/home/lionel/Documents/ENSTA/PRe/Polimi/code/data/newDB/instance_135.txt"
Nb nodes : 2000
Nb arcs : 9200
	5 obstacles
Obstacles seed : 1856669179
	20 obstacles
Obstacles seed : 1057418418
	60 obstacles
Obstacles seed : 995706887
	100 obstacles
Obstacles seed : 1823089412
"/home/lionel/Documents/ENSTA/PRe/Polimi/code/data/newDB/instance_114.txt"
Nb nodes : 1000
Nb arcs : 5600
	5 obstacles
Obstacles seed : 1065103348
	20 obstacles
Obstacles seed : 625032172
	60 obstacles
Obstacles seed : 387451659
	100 obstacles
Obstacles seed : 1469262009
"/home/lionel/Documents/ENSTA/PRe/Polimi/code/data/newDB/instance_94.txt"
Nb nodes : 1000
Nb arcs : 5600
	5 obstacles
Obstacles seed : 1562402336
	20 obstacles
Obstacles seed : 298625210
	60 obstacles
Obstacles seed : 1295166342
	100 obstacles
Obstacles seed : 1057467587
"/home/lionel/Documents/ENSTA/PRe/Polimi/code/data/newDB/instance_237.txt"
Nb nodes : 1000
Nb arcs : 3600
	5 obstacles
Obstacles seed : 1799878206
	20 obstacles
Obstacles seed : 1555319301
	60 obstacles
Obstacles seed : 382697713
	100 obstacles
Obstacles seed : 476667372
"/home/lionel/Documents/ENSTA/PRe/Polimi/code/data/newDB/instance_154.txt"
Nb nodes : 2000
Nb arcs : 11200
	5 obstacles
Obstacles seed : 1070575321
	20 obstacles
Obstacles seed : 260401255
	60 obstacles
Obstacles seed : 296864819
	100 obstacles
Obstacles seed : 774044599
"/home/lionel/Documents/ENSTA/PRe/Polimi/code/data/newDB/instance_45.txt"
Nb nodes : 500
Nb arcs : 2800
	5 obstacles
Obstacles seed : 697517721
	20 obstacles
Obstacles seed : 2001229904
	60 obstacles
Obstacles seed : 1950955939
	100 obstacles
Obstacles seed : 1335939811
"/home/lionel/Documents/ENSTA/PRe/Polimi/code/data/newDB/instance_88.txt"
Nb nodes : 1000
Nb arcs : 4600
	5 obstacles
Obstacles seed : 1797073940
	20 obstacles
Obstacles seed : 1756915667
	60 obstacles
Obstacles seed : 1065311705
	100 obstacles
Obstacles seed : 719346228
"/home/lionel/Documents/ENSTA/PRe/Polimi/code/data/newDB/instance_178.txt"
Nb nodes : 2000
Nb arcs : 11200
	5 obstacles
Obstacles seed : 846811127
	20 obstacles
Obstacles seed : 1414829150
	60 obstacles
Obstacles seed : 1307565984
	100 obstacles
Obstacles seed : 555996658
"/home/lionel/Documents/ENSTA/PRe/Polimi/code/data/newDB/instance_121.txt"
Nb nodes : 2000
Nb arcs : 9200
	5 obstacles
Obstacles seed : 324763920
	20 obstacles
Obstacles seed : 155789224
	60 obstacles
Obstacles seed : 231602422
	100 obstacles
Obstacles seed : 1389867269
"/home/lionel/Documents/ENSTA/PRe/Polimi/code/data/newDB/instance_179.txt"
Nb nodes : 2000
Nb arcs : 11200
	5 obstacles
Obstacles seed : 780821396
	20 obstacles
Obstacles seed : 619054081
	60 obstacles
Obstacles seed : 711645630
	100 obstacles
Obstacles seed : 195740084
"/home/lionel/Documents/ENSTA/PRe/Polimi/code/data/newDB/instance_130.txt"
Nb nodes : 2000
Nb arcs : 9200
	5 obstacles
Obstacles seed : 917679292
	20 obstacles
Obstacles seed : 2006811972
	60 obstacles
Obstacles seed : 1253207672
	100 obstacles
Obstacles seed : 570073850
"/home/lionel/Documents/ENSTA/PRe/Polimi/code/data/newDB/instance_23.txt"
Nb nodes : 500
Nb arcs : 2300
	5 obstacles
Obstacles seed : 1414647625
	20 obstacles
Obstacles seed : 1635905385
	60 obstacles
Obstacles seed : 1046741222
	100 obstacles
Obstacles seed : 337739299
"/home/lionel/Documents/ENSTA/PRe/Polimi/code/data/newDB/instance_155.txt"
Nb nodes : 2000
Nb arcs : 11200
	5 obstacles
Obstacles seed : 1896306640
	20 obstacles
Obstacles seed : 1343606042
	60 obstacles
Obstacles seed : 1111783898
	100 obstacles
Obstacles seed : 446340713
"/home/lionel/Documents/ENSTA/PRe/Polimi/code/data/newDB/instance_64.txt"
Nb nodes : 1000
Nb arcs : 4600
	5 obstacles
Obstacles seed : 1197352298
	20 obstacles
Obstacles seed : 915256190
	60 obstacles
Obstacles seed : 1782280524
	100 obstacles
Obstacles seed : 846942590
"/home/lionel/Documents/ENSTA/PRe/Polimi/code/data/newDB/instance_445.txt"
Nb nodes : 2000
Nb arcs : 7200
	5 obstacles
Obstacles seed : 524688209
	20 obstacles
Obstacles seed : 700108581
	60 obstacles
Obstacles seed : 1566288819
	100 obstacles
Obstacles seed : 1371499336
"/home/lionel/Documents/ENSTA/PRe/Polimi/code/data/newDB/instance_44.txt"
Nb nodes : 500
Nb arcs : 2800
	5 obstacles
Obstacles seed : 2114937732
	20 obstacles
Obstacles seed : 726371155
	60 obstacles
Obstacles seed : 1927495994
	100 obstacles
Obstacles seed : 292218004
"/home/lionel/Documents/ENSTA/PRe/Polimi/code/data/newDB/instance_35.txt"
Nb nodes : 500
Nb arcs : 2800
	5 obstacles
Obstacles seed : 882160379
	20 obstacles
Obstacles seed : 11614769
	60 obstacles
Obstacles seed : 1682085273
	100 obstacles
Obstacles seed : 1662981776
"/home/lionel/Documents/ENSTA/PRe/Polimi/code/data/newDB/instance_223.txt"
Nb nodes : 1000
Nb arcs : 3600
	5 obstacles
Obstacles seed : 630668850
	20 obstacles
Obstacles seed : 246247255
	60 obstacles
Obstacles seed : 1858721860
	100 obstacles
Obstacles seed : 1548348142
"/home/lionel/Documents/ENSTA/PRe/Polimi/code/data/newDB/instance_185.txt"
Nb nodes : 500
Nb arcs : 1800
	5 obstacles
Obstacles seed : 105575579
	20 obstacles
Obstacles seed : 964445884
	60 obstacles
Obstacles seed : 2118421993
	100 obstacles
Obstacles seed : 1520223205
"/home/lionel/Documents/ENSTA/PRe/Polimi/code/data/newDB/instance_72.txt"
Nb nodes : 1000
Nb arcs : 4600
	5 obstacles
Obstacles seed : 452867621
	20 obstacles
Obstacles seed : 1017679567
	60 obstacles
Obstacles seed : 1857962504
	100 obstacles
Obstacles seed : 201690613
"/home/lionel/Documents/ENSTA/PRe/Polimi/code/data/newDB/instance_196.txt"
Nb nodes : 500
Nb arcs : 1800
	5 obstacles
Obstacles seed : 213801961
	20 obstacles
Obstacles seed : 822262754
	60 obstacles
Obstacles seed : 648031326
	100 obstacles
Obstacles seed : 1411154259
"/home/lionel/Documents/ENSTA/PRe/Polimi/code/data/newDB/instance_74.txt"
Nb nodes : 1000
Nb arcs : 4600
	5 obstacles
Obstacles seed : 1737518944
	20 obstacles
Obstacles seed : 282828202
	60 obstacles
Obstacles seed : 110613202
	100 obstacles
Obstacles seed : 114723506
"/home/lionel/Documents/ENSTA/PRe/Polimi/code/data/newDB/instance_93.txt"
Nb nodes : 1000
Nb arcs : 5600
	5 obstacles
Obstacles seed : 982936784
	20 obstacles
Obstacles seed : 1676902021
	60 obstacles
Obstacles seed : 1486222842
	100 obstacles
Obstacles seed : 950390868
"/home/lionel/Documents/ENSTA/PRe/Polimi/code/data/newDB/instance_166.txt"
Nb nodes : 2000
Nb arcs : 11200
	5 obstacles
Obstacles seed : 255789528
	20 obstacles
Obstacles seed : 1266235189
	60 obstacles
Obstacles seed : 1242608872
	100 obstacles
Obstacles seed : 1137949908
"/home/lionel/Documents/ENSTA/PRe/Polimi/code/data/newDB/instance_151.txt"
Nb nodes : 2000
Nb arcs : 11200
	5 obstacles
Obstacles seed : 1277849958
	20 obstacles
Obstacles seed : 777210498
	60 obstacles
Obstacles seed : 653448036
	100 obstacles
Obstacles seed : 1908518808
"/home/lionel/Documents/ENSTA/PRe/Polimi/code/data/newDB/instance_421.txt"
Nb nodes : 2000
Nb arcs : 7200
	5 obstacles
Obstacles seed : 1023457753
	20 obstacles
Obstacles seed : 364686248
	60 obstacles
Obstacles seed : 1309383303
	100 obstacles
Obstacles seed : 1129033333
"/home/lionel/Documents/ENSTA/PRe/Polimi/code/data/newDB/instance_180.txt"
Nb nodes : 500
Nb arcs : 1800
	5 obstacles
Obstacles seed : 1329132133
	20 obstacles
Obstacles seed : 1280321648
	60 obstacles
Obstacles seed : 501772890
	100 obstacles
Obstacles seed : 1781999754
"/home/lionel/Documents/ENSTA/PRe/Polimi/code/data/newDB/instance_33.txt"
Nb nodes : 500
Nb arcs : 2800
	5 obstacles
Obstacles seed : 150517567
	20 obstacles
Obstacles seed : 212251746
	60 obstacles
Obstacles seed : 1983690368
	100 obstacles
Obstacles seed : 364319529
"/home/lionel/Documents/ENSTA/PRe/Polimi/code/data/newDB/instance_429.txt"
Nb nodes : 2000
Nb arcs : 7200
	5 obstacles
Obstacles seed : 1034514500
	20 obstacles
Obstacles seed : 484238046
	60 obstacles
Obstacles seed : 1775473788
	100 obstacles
Obstacles seed : 624549797
"/home/lionel/Documents/ENSTA/PRe/Polimi/code/data/newDB/instance_60.txt"
Nb nodes : 1000
Nb arcs : 4600
	5 obstacles
Obstacles seed : 767066249
	20 obstacles
Obstacles seed : 1886086990
	60 obstacles
Obstacles seed : 739273303
	100 obstacles
Obstacles seed : 1750003033
"/home/lionel/Documents/ENSTA/PRe/Polimi/code/data/newDB/instance_188.txt"
Nb nodes : 500
Nb arcs : 1800
	5 obstacles
Obstacles seed : 1415505363
	20 obstacles
Obstacles seed : 78012497
	60 obstacles
Obstacles seed : 552910253
	100 obstacles
Obstacles seed : 1671294892
"/home/lionel/Documents/ENSTA/PRe/Polimi/code/data/newDB/instance_54.txt"
Nb nodes : 500
Nb arcs : 2800
	5 obstacles
Obstacles seed : 1344247686
	20 obstacles
Obstacles seed : 1795519125
	60 obstacles
Obstacles seed : 661761152
	100 obstacles
Obstacles seed : 474613996
"/home/lionel/Documents/ENSTA/PRe/Polimi/code/data/newDB/instance_194.txt"
Nb nodes : 500
Nb arcs : 1800
	5 obstacles
Obstacles seed : 425245975
	20 obstacles
Obstacles seed : 1315209188
	60 obstacles
Obstacles seed : 235649157
	100 obstacles
Obstacles seed : 1448703729
"/home/lionel/Documents/ENSTA/PRe/Polimi/code/data/newDB/instance_15.txt"
Nb nodes : 500
Nb arcs : 2300
	5 obstacles
Obstacles seed : 1679895436
	20 obstacles
Obstacles seed : 1545032460
	60 obstacles
Obstacles seed : 430253414
	100 obstacles
Obstacles seed : 861543921
"/home/lionel/Documents/ENSTA/PRe/Polimi/code/data/newDB/instance_103.txt"
Nb nodes : 1000
Nb arcs : 5600
	5 obstacles
Obstacles seed : 677870460
	20 obstacles
Obstacles seed : 932026304
	60 obstacles
Obstacles seed : 496060028
	100 obstacles
Obstacles seed : 828388027
"/home/lionel/Documents/ENSTA/PRe/Polimi/code/data/newDB/instance_98.txt"
Nb nodes : 1000
Nb arcs : 5600
	5 obstacles
Obstacles seed : 1144278050
	20 obstacles
Obstacles seed : 332266748
	60 obstacles
Obstacles seed : 1192707556
	100 obstacles
Obstacles seed : 31308902
"/home/lionel/Documents/ENSTA/PRe/Polimi/code/data/newDB/instance_118.txt"
Nb nodes : 1000
Nb arcs : 5600
	5 obstacles
Obstacles seed : 816504794
	20 obstacles
Obstacles seed : 820697697
	60 obstacles
Obstacles seed : 655858699
	100 obstacles
Obstacles seed : 1583571043
"/home/lionel/Documents/ENSTA/PRe/Polimi/code/data/newDB/instance_169.txt"
Nb nodes : 2000
Nb arcs : 11200
	5 obstacles
Obstacles seed : 559301039
	20 obstacles
Obstacles seed : 1395132002
	60 obstacles
Obstacles seed : 1186090428
	100 obstacles
Obstacles seed : 1974806403
"/home/lionel/Documents/ENSTA/PRe/Polimi/code/data/newDB/instance_172.txt"
Nb nodes : 2000
Nb arcs : 11200
	5 obstacles
Obstacles seed : 1473144500
	20 obstacles
Obstacles seed : 1739000681
	60 obstacles
Obstacles seed : 1498617647
	100 obstacles
Obstacles seed : 669908538
"/home/lionel/Documents/ENSTA/PRe/Polimi/code/data/newDB/instance_58.txt"
Nb nodes : 500
Nb arcs : 2800
	5 obstacles
Obstacles seed : 1387036159
	20 obstacles
Obstacles seed : 12895151
	60 obstacles
Obstacles seed : 1144522535
	100 obstacles
Obstacles seed : 1812282134
"/home/lionel/Documents/ENSTA/PRe/Polimi/code/data/newDB/instance_104.txt"
Nb nodes : 1000
Nb arcs : 5600
	5 obstacles
Obstacles seed : 1328104339
	20 obstacles
Obstacles seed : 1380171692
	60 obstacles
Obstacles seed : 1113502215
	100 obstacles
Obstacles seed : 860516127
"/home/lionel/Documents/ENSTA/PRe/Polimi/code/data/newDB/instance_65.txt"
Nb nodes : 1000
Nb arcs : 4600
	5 obstacles
Obstacles seed : 777720504
	20 obstacles
Obstacles seed : 1543755629
	60 obstacles
Obstacles seed : 1722060049
	100 obstacles
Obstacles seed : 1455590964
"/home/lionel/Documents/ENSTA/PRe/Polimi/code/data/newDB/instance_136.txt"
Nb nodes : 2000
Nb arcs : 9200
	5 obstacles
Obstacles seed : 328298285
	20 obstacles
Obstacles seed : 70636429
	60 obstacles
Obstacles seed : 136495343
	100 obstacles
Obstacles seed : 1472576335
"/home/lionel/Documents/ENSTA/PRe/Polimi/code/data/newDB/instance_48.txt"
Nb nodes : 500
Nb arcs : 2800
	5 obstacles
Obstacles seed : 402903177
	20 obstacles
Obstacles seed : 1329202900
	60 obstacles
Obstacles seed : 1503885238
	100 obstacles
Obstacles seed : 1219407971
"/home/lionel/Documents/ENSTA/PRe/Polimi/code/data/newDB/instance_145.txt"
Nb nodes : 2000
Nb arcs : 9200
	5 obstacles
Obstacles seed : 2416949
	20 obstacles
Obstacles seed : 12260289
	60 obstacles
Obstacles seed : 655495367
	100 obstacles
Obstacles seed : 561717988
"/home/lionel/Documents/ENSTA/PRe/Polimi/code/data/newDB/instance_115.txt"
Nb nodes : 1000
Nb arcs : 5600
	5 obstacles
Obstacles seed : 1407392292
	20 obstacles
Obstacles seed : 1841585795
	60 obstacles
Obstacles seed : 389040743
	100 obstacles
Obstacles seed : 733053144
"/home/lionel/Documents/ENSTA/PRe/Polimi/code/data/newDB/instance_70.txt"
Nb nodes : 1000
Nb arcs : 4600
	5 obstacles
Obstacles seed : 1433102829
	20 obstacles
Obstacles seed : 1887658390
	60 obstacles
Obstacles seed : 1402961682
	100 obstacles
Obstacles seed : 672655340
"/home/lionel/Documents/ENSTA/PRe/Polimi/code/data/newDB/instance_27.txt"
Nb nodes : 500
Nb arcs : 2300
	5 obstacles
Obstacles seed : 1900553541
	20 obstacles
Obstacles seed : 400000569
	60 obstacles
Obstacles seed : 337453826
	100 obstacles
Obstacles seed : 1081174232
"/home/lionel/Documents/ENSTA/PRe/Polimi/code/data/newDB/instance_224.txt"
Nb nodes : 1000
Nb arcs : 3600
	5 obstacles
Obstacles seed : 1780172261
	20 obstacles
Obstacles seed : 1450956042
	60 obstacles
Obstacles seed : 1941690360
	100 obstacles
Obstacles seed : 410409117
"/home/lionel/Documents/ENSTA/PRe/Polimi/code/data/newDB/instance_219.txt"
Nb nodes : 1000
Nb arcs : 3600
	5 obstacles
Obstacles seed : 847228023
	20 obstacles
Obstacles seed : 1516266761
	60 obstacles
Obstacles seed : 1866000081
	100 obstacles
Obstacles seed : 1175526309
"/home/lionel/Documents/ENSTA/PRe/Polimi/code/data/newDB/instance_101.txt"
Nb nodes : 1000
Nb arcs : 5600
	5 obstacles
Obstacles seed : 1586903190
	20 obstacles
Obstacles seed : 2002495425
	60 obstacles
Obstacles seed : 500618996
	100 obstacles
Obstacles seed : 1989806367
"/home/lionel/Documents/ENSTA/PRe/Polimi/code/data/newDB/instance_32.txt"
Nb nodes : 500
Nb arcs : 2800
	5 obstacles
Obstacles seed : 1184214677
	20 obstacles
Obstacles seed : 2004504234
	60 obstacles
Obstacles seed : 1061730690
	100 obstacles
Obstacles seed : 1186631626
"/home/lionel/Documents/ENSTA/PRe/Polimi/code/data/newDB/instance_231.txt"
Nb nodes : 1000
Nb arcs : 3600
	5 obstacles
Obstacles seed : 2016764524
	20 obstacles
Obstacles seed : 1717226057
	60 obstacles
Obstacles seed : 1748349614
	100 obstacles
Obstacles seed : 1276673168
"/home/lionel/Documents/ENSTA/PRe/Polimi/code/data/newDB/instance_153.txt"
Nb nodes : 2000
Nb arcs : 11200
	5 obstacles
Obstacles seed : 1411328205
	20 obstacles
Obstacles seed : 2137390358
	60 obstacles
Obstacles seed : 2009726312
	100 obstacles
Obstacles seed : 696947386
"/home/lionel/Documents/ENSTA/PRe/Polimi/code/data/newDB/instance_174.txt"
Nb nodes : 2000
Nb arcs : 11200
	5 obstacles
Obstacles seed : 1877565100
	20 obstacles
Obstacles seed : 1265204346
	60 obstacles
Obstacles seed : 1369602726
	100 obstacles
Obstacles seed : 1630634994
"/home/lionel/Documents/ENSTA/PRe/Polimi/code/data/newDB/instance_235.txt"
Nb nodes : 1000
Nb arcs : 3600
	5 obstacles
Obstacles seed : 1665204916
	20 obstacles
Obstacles seed : 1707056552
	60 obstacles
Obstacles seed : 564325578
	100 obstacles
Obstacles seed : 1297893529
"/home/lionel/Documents/ENSTA/PRe/Polimi/code/data/newDB/instance_440.txt"
Nb nodes : 2000
Nb arcs : 7200
	5 obstacles
Obstacles seed : 1010528946
	20 obstacles
Obstacles seed : 358532290
	60 obstacles
Obstacles seed : 1708302647
	100 obstacles
Obstacles seed : 1857756970
"/home/lionel/Documents/ENSTA/PRe/Polimi/code/data/newDB/instance_213.txt"
Nb nodes : 1000
Nb arcs : 3600
	5 obstacles
Obstacles seed : 1874799051
	20 obstacles
Obstacles seed : 1426819080
	60 obstacles
Obstacles seed : 885799631
	100 obstacles
Obstacles seed : 1314218593
"/home/lionel/Documents/ENSTA/PRe/Polimi/code/data/newDB/instance_83.txt"
Nb nodes : 1000
Nb arcs : 4600
	5 obstacles
Obstacles seed : 1281830857
	20 obstacles
Obstacles seed : 1386418627
	60 obstacles
Obstacles seed : 1156541312
	100 obstacles
Obstacles seed : 318561886
"/home/lionel/Documents/ENSTA/PRe/Polimi/code/data/newDB/instance_229.txt"
Nb nodes : 1000
Nb arcs : 3600
	5 obstacles
Obstacles seed : 1243439214
	20 obstacles
Obstacles seed : 70788355
	60 obstacles
Obstacles seed : 1505193512
	100 obstacles
Obstacles seed : 1112720090
"/home/lionel/Documents/ENSTA/PRe/Polimi/code/data/newDB/instance_211.txt"
Nb nodes : 1000
Nb arcs : 3600
	5 obstacles
Obstacles seed : 1788014412
	20 obstacles
Obstacles seed : 1106059479
	60 obstacles
Obstacles seed : 241909610
	100 obstacles
Obstacles seed : 1051858969
"/home/lionel/Documents/ENSTA/PRe/Polimi/code/data/newDB/instance_202.txt"
Nb nodes : 500
Nb arcs : 1800
	5 obstacles
Obstacles seed : 1095966189
	20 obstacles
Obstacles seed : 104152274
	60 obstacles
Obstacles seed : 1748806355
	100 obstacles
Obstacles seed : 826047641
"/home/lionel/Documents/ENSTA/PRe/Polimi/code/data/newDB/instance_438.txt"
Nb nodes : 2000
Nb arcs : 7200
	5 obstacles
Obstacles seed : 1369356620
	20 obstacles
Obstacles seed : 970925433
	60 obstacles
Obstacles seed : 309198987
	100 obstacles
Obstacles seed : 887077888
"/home/lionel/Documents/ENSTA/PRe/Polimi/code/data/newDB/instance_24.txt"
Nb nodes : 500
Nb arcs : 2300
	5 obstacles
Obstacles seed : 530498338
	20 obstacles
Obstacles seed : 873524566
	60 obstacles
Obstacles seed : 37487770
	100 obstacles
Obstacles seed : 1541027284
"/home/lionel/Documents/ENSTA/PRe/Polimi/code/data/newDB/instance_69.txt"
Nb nodes : 1000
Nb arcs : 4600
	5 obstacles
Obstacles seed : 1232056856
	20 obstacles
Obstacles seed : 1745790417
	60 obstacles
Obstacles seed : 1251300606
	100 obstacles
Obstacles seed : 959372260
"/home/lionel/Documents/ENSTA/PRe/Polimi/code/data/newDB/instance_424.txt"
Nb nodes : 2000
Nb arcs : 7200
	5 obstacles
Obstacles seed : 1025125849
	20 obstacles
Obstacles seed : 2137100237
	60 obstacles
Obstacles seed : 126107205
	100 obstacles
Obstacles seed : 159473059
"/home/lionel/Documents/ENSTA/PRe/Polimi/code/data/newDB/instance_441.txt"
Nb nodes : 2000
Nb arcs : 7200
	5 obstacles
Obstacles seed : 1376035217
	20 obstacles
Obstacles seed : 1282648518
	60 obstacles
Obstacles seed : 478034945
	100 obstacles
Obstacles seed : 471990783
"/home/lionel/Documents/ENSTA/PRe/Polimi/code/data/newDB/instance_20.txt"
Nb nodes : 500
Nb arcs : 2300
	5 obstacles
Obstacles seed : 1353436873
	20 obstacles
Obstacles seed : 1983228458
	60 obstacles
Obstacles seed : 1584710873
	100 obstacles
Obstacles seed : 993967637
"/home/lionel/Documents/ENSTA/PRe/Polimi/code/data/newDB/instance_78.txt"
Nb nodes : 1000
Nb arcs : 4600
	5 obstacles
Obstacles seed : 941804289
	20 obstacles
Obstacles seed : 1826620483
	60 obstacles
Obstacles seed : 2045826607
	100 obstacles
Obstacles seed : 2037770478
"/home/lionel/Documents/ENSTA/PRe/Polimi/code/data/newDB/instance_53.txt"
Nb nodes : 500
Nb arcs : 2800
	5 obstacles
Obstacles seed : 1930772757
	20 obstacles
Obstacles seed : 1647149314
	60 obstacles
Obstacles seed : 716334471
	100 obstacles
Obstacles seed : 1152645729
"/home/lionel/Documents/ENSTA/PRe/Polimi/code/data/newDB/instance_203.txt"
Nb nodes : 500
Nb arcs : 1800
	5 obstacles
Obstacles seed : 470591100
	20 obstacles
Obstacles seed : 1025533459
	60 obstacles
Obstacles seed : 2039723618
	100 obstacles
Obstacles seed : 1001089438
"/home/lionel/Documents/ENSTA/PRe/Polimi/code/data/newDB/instance_230.txt"
Nb nodes : 1000
Nb arcs : 3600
	5 obstacles
Obstacles seed : 1899058025
	20 obstacles
Obstacles seed : 2077211388
	60 obstacles
Obstacles seed : 394633074
	100 obstacles
Obstacles seed : 983631233
"/home/lionel/Documents/ENSTA/PRe/Polimi/code/data/newDB/instance_110.txt"
Nb nodes : 1000
Nb arcs : 5600
	5 obstacles
Obstacles seed : 1675518157
	20 obstacles
Obstacles seed : 1645933681
	60 obstacles
Obstacles seed : 1943003493
	100 obstacles
Obstacles seed : 553160358
"/home/lionel/Documents/ENSTA/PRe/Polimi/code/data/newDB/instance_14.txt"
Nb nodes : 500
Nb arcs : 2300
	5 obstacles
Obstacles seed : 1635550270
	20 obstacles
Obstacles seed : 2069110699
	60 obstacles
Obstacles seed : 712633417
	100 obstacles
Obstacles seed : 864101839
"/home/lionel/Documents/ENSTA/PRe/Polimi/code/data/newDB/instance_134.txt"
Nb nodes : 2000
Nb arcs : 9200
	5 obstacles
Obstacles seed : 1204275569
	20 obstacles
Obstacles seed : 1190668363
	60 obstacles
Obstacles seed : 1336092622
	100 obstacles
Obstacles seed : 410228794
"/home/lionel/Documents/ENSTA/PRe/Polimi/code/data/newDB/instance_221.txt"
Nb nodes : 1000
Nb arcs : 3600
	5 obstacles
Obstacles seed : 1026413173
	20 obstacles
Obstacles seed : 773319847
	60 obstacles
Obstacles seed : 1404196431
	100 obstacles
Obstacles seed : 1968217462
"/home/lionel/Documents/ENSTA/PRe/Polimi/code/data/newDB/instance_182.txt"
Nb nodes : 500
Nb arcs : 1800
	5 obstacles
Obstacles seed : 452456682
	20 obstacles
Obstacles seed : 1302539390
	60 obstacles
Obstacles seed : 1858504292
	100 obstacles
Obstacles seed : 235745791
"/home/lionel/Documents/ENSTA/PRe/Polimi/code/data/newDB/instance_79.txt"
Nb nodes : 1000
Nb arcs : 4600
	5 obstacles
Obstacles seed : 802205057
	20 obstacles
Obstacles seed : 427355115
	60 obstacles
Obstacles seed : 1388391521
	100 obstacles
Obstacles seed : 1272796157
"/home/lionel/Documents/ENSTA/PRe/Polimi/code/data/newDB/instance_209.txt"
Nb nodes : 500
Nb arcs : 1800
	5 obstacles
Obstacles seed : 1452888574
	20 obstacles
Obstacles seed : 1280631491
	60 obstacles
Obstacles seed : 126401947
	100 obstacles
Obstacles seed : 1204462951
"/home/lionel/Documents/ENSTA/PRe/Polimi/code/data/newDB/instance_206.txt"
Nb nodes : 500
Nb arcs : 1800
	5 obstacles
Obstacles seed : 1210359231
	20 obstacles
Obstacles seed : 521035021
	60 obstacles
Obstacles seed : 40610537
	100 obstacles
Obstacles seed : 738393740
"/home/lionel/Documents/ENSTA/PRe/Polimi/code/data/newDB/instance_431.txt"
Nb nodes : 2000
Nb arcs : 7200
	5 obstacles
Obstacles seed : 19485054
	20 obstacles
Obstacles seed : 1983614030
	60 obstacles
Obstacles seed : 1291554098
	100 obstacles
Obstacles seed : 1655035325
"/home/lionel/Documents/ENSTA/PRe/Polimi/code/data/newDB/instance_167.txt"
Nb nodes : 2000
Nb arcs : 11200
	5 obstacles
Obstacles seed : 1905241081
	20 obstacles
Obstacles seed : 2004187516
	60 obstacles
Obstacles seed : 371653516
	100 obstacles
Obstacles seed : 962033002
"/home/lionel/Documents/ENSTA/PRe/Polimi/code/data/newDB/instance_150.txt"
Nb nodes : 2000
Nb arcs : 11200
	5 obstacles
Obstacles seed : 1047372231
	20 obstacles
Obstacles seed : 1707746139
	60 obstacles
Obstacles seed : 1372261796
	100 obstacles
Obstacles seed : 2073785404
"/home/lionel/Documents/ENSTA/PRe/Polimi/code/data/newDB/instance_426.txt"
Nb nodes : 2000
Nb arcs : 7200
	5 obstacles
Obstacles seed : 333582338
	20 obstacles
Obstacles seed : 628974580
	60 obstacles
Obstacles seed : 1894519218
	100 obstacles
Obstacles seed : 786039021
"/home/lionel/Documents/ENSTA/PRe/Polimi/code/data/newDB/instance_97.txt"
Nb nodes : 1000
Nb arcs : 5600
	5 obstacles
Obstacles seed : 1931513970
	20 obstacles
Obstacles seed : 1605539862
	60 obstacles
Obstacles seed : 1021784812
	100 obstacles
Obstacles seed : 586235379
"/home/lionel/Documents/ENSTA/PRe/Polimi/code/data/newDB/instance_176.txt"
Nb nodes : 2000
Nb arcs : 11200
	5 obstacles
Obstacles seed : 2032894977
	20 obstacles
Obstacles seed : 262692685
	60 obstacles
Obstacles seed : 1859031536
	100 obstacles
Obstacles seed : 1338299904
"/home/lionel/Documents/ENSTA/PRe/Polimi/code/data/newDB/instance_41.txt"
Nb nodes : 500
Nb arcs : 2800
	5 obstacles
Obstacles seed : 1543324176
	20 obstacles
Obstacles seed : 1985433483
	60 obstacles
Obstacles seed : 395279207
	100 obstacles
Obstacles seed : 606199759
"/home/lionel/Documents/ENSTA/PRe/Polimi/code/data/newDB/instance_38.txt"
Nb nodes : 500
Nb arcs : 2800
	5 obstacles
Obstacles seed : 358984857
	20 obstacles
Obstacles seed : 435889744
	60 obstacles
Obstacles seed : 1344593499
	100 obstacles
Obstacles seed : 378469911
"/home/lionel/Documents/ENSTA/PRe/Polimi/code/data/newDB/instance_171.txt"
Nb nodes : 2000
Nb arcs : 11200
	5 obstacles
Obstacles seed : 272020127
	20 obstacles
Obstacles seed : 488663950
	60 obstacles
Obstacles seed : 2033505236
	100 obstacles
Obstacles seed : 29777560
"/home/lionel/Documents/ENSTA/PRe/Polimi/code/data/newDB/instance_422.txt"
Nb nodes : 2000
Nb arcs : 7200
	5 obstacles
Obstacles seed : 345367818
	20 obstacles
Obstacles seed : 257675105
	60 obstacles
Obstacles seed : 991810563
	100 obstacles
Obstacles seed : 1392740049
"/home/lionel/Documents/ENSTA/PRe/Polimi/code/data/newDB/instance_448.txt"
Nb nodes : 2000
Nb arcs : 7200
	5 obstacles
Obstacles seed : 1965421244
	20 obstacles
Obstacles seed : 216588711
	60 obstacles
Obstacles seed : 1319041805
	100 obstacles
Obstacles seed : 151519934
"/home/lionel/Documents/ENSTA/PRe/Polimi/code/data/newDB/instance_152.txt"
Nb nodes : 2000
Nb arcs : 11200
	5 obstacles
Obstacles seed : 845563291
	20 obstacles
Obstacles seed : 1066077375
	60 obstacles
Obstacles seed : 937558955
	100 obstacles
Obstacles seed : 629593614
"/home/lionel/Documents/ENSTA/PRe/Polimi/code/data/newDB/instance_228.txt"
Nb nodes : 1000
Nb arcs : 3600
	5 obstacles
Obstacles seed : 524133589
	20 obstacles
Obstacles seed : 1959343768
	60 obstacles
Obstacles seed : 1215828993
	100 obstacles
Obstacles seed : 409544918
"/home/lionel/Documents/ENSTA/PRe/Polimi/code/data/newDB/instance_190.txt"
Nb nodes : 500
Nb arcs : 1800
	5 obstacles
Obstacles seed : 74552805
	20 obstacles
Obstacles seed : 927376882
	60 obstacles
Obstacles seed : 1747844822
	100 obstacles
Obstacles seed : 1617876982
"/home/lionel/Documents/ENSTA/PRe/Polimi/code/data/newDB/instance_442.txt"
Nb nodes : 2000
Nb arcs : 7200
	5 obstacles
Obstacles seed : 765326717
	20 obstacles
Obstacles seed : 2143124030
	60 obstacles
Obstacles seed : 76593093
	100 obstacles
Obstacles seed : 1124311574
"/home/lionel/Documents/ENSTA/PRe/Polimi/code/data/newDB/instance_198.txt"
Nb nodes : 500
Nb arcs : 1800
	5 obstacles
Obstacles seed : 431530126
	20 obstacles
Obstacles seed : 1421186593
	60 obstacles
Obstacles seed : 1502781486
	100 obstacles
Obstacles seed : 703550253
"/home/lionel/Documents/ENSTA/PRe/Polimi/code/data/newDB/instance_186.txt"
Nb nodes : 500
Nb arcs : 1800
	5 obstacles
Obstacles seed : 1909850543
	20 obstacles
Obstacles seed : 1388803074
	60 obstacles
Obstacles seed : 733327814
	100 obstacles
Obstacles seed : 107734713
"/home/lionel/Documents/ENSTA/PRe/Polimi/code/data/newDB/instance_446.txt"
Nb nodes : 2000
Nb arcs : 7200
	5 obstacles
Obstacles seed : 1646478179
	20 obstacles
Obstacles seed : 1725138377
	60 obstacles
Obstacles seed : 1500474762
	100 obstacles
Obstacles seed : 1464415775
"/home/lionel/Documents/ENSTA/PRe/Polimi/code/data/newDB/instance_49.txt"
Nb nodes : 500
Nb arcs : 2800
	5 obstacles
Obstacles seed : 1941727088
	20 obstacles
Obstacles seed : 672032919
	60 obstacles
Obstacles seed : 1615935710
	100 obstacles
Obstacles seed : 639806732
"/home/lionel/Documents/ENSTA/PRe/Polimi/code/data/newDB/instance_116.txt"
Nb nodes : 1000
Nb arcs : 5600
	5 obstacles
Obstacles seed : 1738110294
	20 obstacles
Obstacles seed : 406011017
	60 obstacles
Obstacles seed : 1269400346
	100 obstacles
Obstacles seed : 114760235
"/home/lionel/Documents/ENSTA/PRe/Polimi/code/data/newDB/instance_436.txt"
Nb nodes : 2000
Nb arcs : 7200
	5 obstacles
Obstacles seed : 217871137
	20 obstacles
Obstacles seed : 337745691
	60 obstacles
Obstacles seed : 524305153
	100 obstacles
Obstacles seed : 292423943
"/home/lionel/Documents/ENSTA/PRe/Polimi/code/data/newDB/instance_437.txt"
Nb nodes : 2000
Nb arcs : 7200
	5 obstacles
Obstacles seed : 1265122573
	20 obstacles
Obstacles seed : 124666328
	60 obstacles
Obstacles seed : 1910300925
	100 obstacles
Obstacles seed : 2030449291
"/home/lionel/Documents/ENSTA/PRe/Polimi/code/data/newDB/instance_73.txt"
Nb nodes : 1000
Nb arcs : 4600
	5 obstacles
Obstacles seed : 120306710
	20 obstacles
Obstacles seed : 1986894018
	60 obstacles
Obstacles seed : 1007277217
	100 obstacles
Obstacles seed : 551836836
"/home/lionel/Documents/ENSTA/PRe/Polimi/code/data/newDB/instance_66.txt"
Nb nodes : 1000
Nb arcs : 4600
	5 obstacles
Obstacles seed : 1260596963
	20 obstacles
Obstacles seed : 362575055
	60 obstacles
Obstacles seed : 1255387090
	100 obstacles
Obstacles seed : 1022963858
"/home/lionel/Documents/ENSTA/PRe/Polimi/code/data/newDB/instance_201.txt"
Nb nodes : 500
Nb arcs : 1800
	5 obstacles
Obstacles seed : 1751378130
	20 obstacles
Obstacles seed : 1988714904
	60 obstacles
Obstacles seed : 1130698571
	100 obstacles
Obstacles seed : 1250372661
"/home/lionel/Documents/ENSTA/PRe/Polimi/code/data/newDB/instance_147.txt"
Nb nodes : 2000
Nb arcs : 9200
	5 obstacles
Obstacles seed : 1566369633
	20 obstacles
Obstacles seed : 483689685
	60 obstacles
Obstacles seed : 567304789
	100 obstacles
Obstacles seed : 1360613073
"/home/lionel/Documents/ENSTA/PRe/Polimi/code/data/newDB/instance_233.txt"
Nb nodes : 1000
Nb arcs : 3600
	5 obstacles
Obstacles seed : 1155722604
	20 obstacles
Obstacles seed : 35756851
	60 obstacles
Obstacles seed : 2000419805
	100 obstacles
Obstacles seed : 746349250
"/home/lionel/Documents/ENSTA/PRe/Polimi/code/data/newDB/instance_133.txt"
Nb nodes : 2000
Nb arcs : 9200
	5 obstacles
Obstacles seed : 441767868
	20 obstacles
Obstacles seed : 1122336503
	60 obstacles
Obstacles seed : 861109485
	100 obstacles
Obstacles seed : 659639006
"/home/lionel/Documents/ENSTA/PRe/Polimi/code/data/newDB/instance_59.txt"
Nb nodes : 500
Nb arcs : 2800
	5 obstacles
Obstacles seed : 1460082195
	20 obstacles
Obstacles seed : 1385414639
	60 obstacles
Obstacles seed : 952062949
	100 obstacles
Obstacles seed : 577721120
"/home/lionel/Documents/ENSTA/PRe/Polimi/code/data/newDB/instance_434.txt"
Nb nodes : 2000
Nb arcs : 7200
	5 obstacles
Obstacles seed : 1510080967
	20 obstacles
Obstacles seed : 714880226
	60 obstacles
Obstacles seed : 460686763
	100 obstacles
Obstacles seed : 1630387677
"/home/lionel/Documents/ENSTA/PRe/Polimi/code/data/newDB/instance_200.txt"
Nb nodes : 500
Nb arcs : 1800
	5 obstacles
Obstacles seed : 554290596
	20 obstacles
Obstacles seed : 1467963981
	60 obstacles
Obstacles seed : 34740865
	100 obstacles
Obstacles seed : 1814887560
"/home/lionel/Documents/ENSTA/PRe/Polimi/code/data/newDB/instance_122.txt"
Nb nodes : 2000
Nb arcs : 9200
	5 obstacles
Obstacles seed : 1830539036
	20 obstacles
Obstacles seed : 1290127955
	60 obstacles
Obstacles seed : 690367770
	100 obstacles
Obstacles seed : 1434433518
"/home/lionel/Documents/ENSTA/PRe/Polimi/code/data/newDB/instance_106.txt"
Nb nodes : 1000
Nb arcs : 5600
	5 obstacles
Obstacles seed : 1131359211
	20 obstacles
Obstacles seed : 1821066342
	60 obstacles
Obstacles seed : 537322532
	100 obstacles
Obstacles seed : 550245196
"/home/lionel/Documents/ENSTA/PRe/Polimi/code/data/newDB/instance_37.txt"
Nb nodes : 500
Nb arcs : 2800
	5 obstacles
Obstacles seed : 157272379
	20 obstacles
Obstacles seed : 1104627321
	60 obstacles
Obstacles seed : 1910858270
	100 obstacles
Obstacles seed : 1312994984
"/home/lionel/Documents/ENSTA/PRe/Polimi/code/data/newDB/instance_164.txt"
Nb nodes : 2000
Nb arcs : 11200
	5 obstacles
Obstacles seed : 1140384172
	20 obstacles
Obstacles seed : 1763794427
	60 obstacles
Obstacles seed : 2059344234
	100 obstacles
Obstacles seed : 1582152040
"/home/lionel/Documents/ENSTA/PRe/Polimi/code/data/newDB/instance_107.txt"
Nb nodes : 1000
Nb arcs : 5600
	5 obstacles
Obstacles seed : 738647283
	20 obstacles
Obstacles seed : 772970072
	60 obstacles
Obstacles seed : 94307398
	100 obstacles
Obstacles seed : 51245830
"/home/lionel/Documents/ENSTA/PRe/Polimi/code/data/newDB/instance_234.txt"
Nb nodes : 1000
Nb arcs : 3600
	5 obstacles
Obstacles seed : 10901063
	20 obstacles
Obstacles seed : 1046370347
	60 obstacles
Obstacles seed : 628966950
	100 obstacles
Obstacles seed : 1520982030
"/home/lionel/Documents/ENSTA/PRe/Polimi/code/data/newDB/instance_193.txt"
Nb nodes : 500
Nb arcs : 1800
	5 obstacles
Obstacles seed : 1761250573
	20 obstacles
Obstacles seed : 1089653714
	60 obstacles
Obstacles seed : 1003886059
	100 obstacles
Obstacles seed : 168057522
"/home/lionel/Documents/ENSTA/PRe/Polimi/code/data/newDB/instance_142.txt"
Nb nodes : 2000
Nb arcs : 9200
	5 obstacles
Obstacles seed : 410134047
	20 obstacles
Obstacles seed : 1038626924
	60 obstacles
Obstacles seed : 1982945082
	100 obstacles
Obstacles seed : 93189435
"/home/lionel/Documents/ENSTA/PRe/Polimi/code/data/newDB/instance_439.txt"
Nb nodes : 2000
Nb arcs : 7200
	5 obstacles
Obstacles seed : 181271232
	20 obstacles
Obstacles seed : 525829204
	60 obstacles
Obstacles seed : 1527622954
	100 obstacles
Obstacles seed : 1312630443
"/home/lionel/Documents/ENSTA/PRe/Polimi/code/data/newDB/instance_139.txt"
Nb nodes : 2000
Nb arcs : 9200
	5 obstacles
Obstacles seed : 199411898
	20 obstacles
Obstacles seed : 2064945486
	60 obstacles
Obstacles seed : 1862875640
	100 obstacles
Obstacles seed : 356684278
"/home/lionel/Documents/ENSTA/PRe/Polimi/code/data/newDB/instance_100.txt"
Nb nodes : 1000
Nb arcs : 5600
	5 obstacles
Obstacles seed : 1022089159
	20 obstacles
Obstacles seed : 1626250262
	60 obstacles
Obstacles seed : 1669679262
	100 obstacles
Obstacles seed : 14989683
"/home/lionel/Documents/ENSTA/PRe/Polimi/code/data/newDB/instance_25.txt"
Nb nodes : 500
Nb arcs : 2300
	5 obstacles
Obstacles seed : 1242561041
	20 obstacles
Obstacles seed : 1581539848
	60 obstacles
Obstacles seed : 1597141723
	100 obstacles
Obstacles seed : 1981208324
"/home/lionel/Documents/ENSTA/PRe/Polimi/code/data/newDB/instance_1.txt"
Nb nodes : 500
Nb arcs : 2800
	5 obstacles
Obstacles seed : 207026272
	20 obstacles
Obstacles seed : 1691449122
	60 obstacles
Obstacles seed : 2032454154
	100 obstacles
Obstacles seed : 217927335
"/home/lionel/Documents/ENSTA/PRe/Polimi/code/data/newDB/instance_173.txt"
Nb nodes : 2000
Nb arcs : 11200
	5 obstacles
Obstacles seed : 590335821
	20 obstacles
Obstacles seed : 513937457
	60 obstacles
Obstacles seed : 1738909365
	100 obstacles
Obstacles seed : 204102747
"/home/lionel/Documents/ENSTA/PRe/Polimi/code/data/newDB/instance_428.txt"
Nb nodes : 2000
Nb arcs : 7200
	5 obstacles
Obstacles seed : 1603591171
	20 obstacles
Obstacles seed : 595311776
	60 obstacles
Obstacles seed : 372160269
	100 obstacles
Obstacles seed : 2013725218
"/home/lionel/Documents/ENSTA/PRe/Polimi/code/data/newDB/instance_189.txt"
Nb nodes : 500
Nb arcs : 1800
	5 obstacles
Obstacles seed : 1633938701
	20 obstacles
Obstacles seed : 207621703
	60 obstacles
Obstacles seed : 2106914653
	100 obstacles
Obstacles seed : 1815209933
"/home/lionel/Documents/ENSTA/PRe/Polimi/code/data/newDB/instance_156.txt"
Nb nodes : 2000
Nb arcs : 11200
	5 obstacles
Obstacles seed : 733450907
	20 obstacles
Obstacles seed : 1487053959
	60 obstacles
Obstacles seed : 980356728
	100 obstacles
Obstacles seed : 932862806
"/home/lionel/Documents/ENSTA/PRe/Polimi/code/data/newDB/instance_217.txt"
Nb nodes : 1000
Nb arcs : 3600
	5 obstacles
Obstacles seed : 1404515797
	20 obstacles
Obstacles seed : 695748720
	60 obstacles
Obstacles seed : 1289547084
	100 obstacles
Obstacles seed : 279121308
"/home/lionel/Documents/ENSTA/PRe/Polimi/code/data/newDB/instance_129.txt"
Nb nodes : 2000
Nb arcs : 9200
	5 obstacles
Obstacles seed : 174515334
	20 obstacles
Obstacles seed : 811742698
	60 obstacles
Obstacles seed : 294110991
	100 obstacles
Obstacles seed : 1417076376
"/home/lionel/Documents/ENSTA/PRe/Polimi/code/data/newDB/instance_132.txt"
Nb nodes : 2000
Nb arcs : 9200
	5 obstacles
Obstacles seed : 245798898
	20 obstacles
Obstacles seed : 1891252715
	60 obstacles
Obstacles seed : 1250801052
	100 obstacles
Obstacles seed : 452825171
"/home/lionel/Documents/ENSTA/PRe/Polimi/code/data/newDB/instance_225.txt"
Nb nodes : 1000
Nb arcs : 3600
	5 obstacles
Obstacles seed : 1435218189
	20 obstacles
Obstacles seed : 1135771559
	60 obstacles
Obstacles seed : 670752506
	100 obstacles
Obstacles seed : 2025554010
"/home/lionel/Documents/ENSTA/PRe/Polimi/code/data/newDB/instance_131.txt"
Nb nodes : 2000
Nb arcs : 9200
	5 obstacles
Obstacles seed : 1649709016
	20 obstacles
Obstacles seed : 262178224
	60 obstacles
Obstacles seed : 82173109
	100 obstacles
Obstacles seed : 1105816539
"/home/lionel/Documents/ENSTA/PRe/Polimi/code/data/newDB/instance_160.txt"
Nb nodes : 2000
Nb arcs : 11200
	5 obstacles
Obstacles seed : 857490000
	20 obstacles
Obstacles seed : 454333378
	60 obstacles
Obstacles seed : 972058109
	100 obstacles
Obstacles seed : 343945053
"/home/lionel/Documents/ENSTA/PRe/Polimi/code/data/newDB/instance_75.txt"
Nb nodes : 1000
Nb arcs : 4600
	5 obstacles
Obstacles seed : 661955081
	20 obstacles
Obstacles seed : 931489114
	60 obstacles
Obstacles seed : 11671338
	100 obstacles
Obstacles seed : 1395405989
"/home/lionel/Documents/ENSTA/PRe/Polimi/code/data/newDB/instance_47.txt"
Nb nodes : 500
Nb arcs : 2800
	5 obstacles
Obstacles seed : 271059426
	20 obstacles
Obstacles seed : 992028067
	60 obstacles
Obstacles seed : 180785147
	100 obstacles
Obstacles seed : 1675575223
"/home/lionel/Documents/ENSTA/PRe/Polimi/code/data/newDB/instance_46.txt"
Nb nodes : 500
Nb arcs : 2800
	5 obstacles
Obstacles seed : 1687776787
	20 obstacles
Obstacles seed : 1470332231
	60 obstacles
Obstacles seed : 1954696532
	100 obstacles
Obstacles seed : 1862292122
"/home/lionel/Documents/ENSTA/PRe/Polimi/code/data/newDB/instance_82.txt"
Nb nodes : 1000
Nb arcs : 4600
	5 obstacles
Obstacles seed : 134591281
	20 obstacles
Obstacles seed : 101323875
	60 obstacles
Obstacles seed : 1131884850
	100 obstacles
Obstacles seed : 380390179
"/home/lionel/Documents/ENSTA/PRe/Polimi/code/data/newDB/instance_175.txt"
Nb nodes : 2000
Nb arcs : 11200
	5 obstacles
Obstacles seed : 1992576590
	20 obstacles
Obstacles seed : 235202254
	60 obstacles
Obstacles seed : 833215350
	100 obstacles
Obstacles seed : 1280311131
"/home/lionel/Documents/ENSTA/PRe/Polimi/code/data/newDB/instance_144.txt"
Nb nodes : 2000
Nb arcs : 9200
	5 obstacles
Obstacles seed : 1370973813
	20 obstacles
Obstacles seed : 1503967857
	60 obstacles
Obstacles seed : 1158381494
	100 obstacles
Obstacles seed : 873199181
"/home/lionel/Documents/ENSTA/PRe/Polimi/code/data/newDB/instance_236.txt"
Nb nodes : 1000
Nb arcs : 3600
	5 obstacles
Obstacles seed : 1766146081
	20 obstacles
Obstacles seed : 1240554603
	60 obstacles
Obstacles seed : 1979015720
	100 obstacles
Obstacles seed : 476152433
"/home/lionel/Documents/ENSTA/PRe/Polimi/code/data/newDB/instance_192.txt"
Nb nodes : 500
Nb arcs : 1800
	5 obstacles
Obstacles seed : 1694887982
	20 obstacles
Obstacles seed : 803590181
	60 obstacles
Obstacles seed : 820097487
	100 obstacles
Obstacles seed : 209359415
"/home/lionel/Documents/ENSTA/PRe/Polimi/code/data/newDB/instance_140.txt"
Nb nodes : 2000
Nb arcs : 9200
	5 obstacles
Obstacles seed : 1735079296
	20 obstacles
Obstacles seed : 831768825
	60 obstacles
Obstacles seed : 1604765404
	100 obstacles
Obstacles seed : 2006138722
"/home/lionel/Documents/ENSTA/PRe/Polimi/code/data/newDB/instance_30.txt"
Nb nodes : 500
Nb arcs : 2300
	5 obstacles
Obstacles seed : 1823796892
	20 obstacles
Obstacles seed : 1785550551
	60 obstacles
Obstacles seed : 1534230297
	100 obstacles
Obstacles seed : 1364090032
"/home/lionel/Documents/ENSTA/PRe/Polimi/code/data/newDB/instance_8.txt"
Nb nodes : 500
Nb arcs : 2300
	5 obstacles
Obstacles seed : 1108399134
	20 obstacles
Obstacles seed : 1341443181
	60 obstacles
Obstacles seed : 1078898506
	100 obstacles
Obstacles seed : 1242990415
"/home/lionel/Documents/ENSTA/PRe/Polimi/code/data/newDB/instance_56.txt"
Nb nodes : 500
Nb arcs : 2800
	5 obstacles
Obstacles seed : 1442767057
	20 obstacles
Obstacles seed : 63299708
	60 obstacles
Obstacles seed : 1623380595
	100 obstacles
Obstacles seed : 1287859999
"/home/lionel/Documents/ENSTA/PRe/Polimi/code/data/newDB/instance_96.txt"
Nb nodes : 1000
Nb arcs : 5600
	5 obstacles
Obstacles seed : 298501962
	20 obstacles
Obstacles seed : 309112297
	60 obstacles
Obstacles seed : 420687483
	100 obstacles
Obstacles seed : 1669475776
"/home/lionel/Documents/ENSTA/PRe/Polimi/code/data/newDB/instance_71.txt"
Nb nodes : 1000
Nb arcs : 4600
	5 obstacles
Obstacles seed : 1813080154
	20 obstacles
Obstacles seed : 1579068977
	60 obstacles
Obstacles seed : 395191309
	100 obstacles
Obstacles seed : 1431742587
"/home/lionel/Documents/ENSTA/PRe/Polimi/code/data/newDB/instance_57.txt"
Nb nodes : 500
Nb arcs : 2800
	5 obstacles
Obstacles seed : 672139932
	20 obstacles
Obstacles seed : 226723382
	60 obstacles
Obstacles seed : 1907895021
	100 obstacles
Obstacles seed : 219544266
"/home/lionel/Documents/ENSTA/PRe/Polimi/code/data/newDB/instance_195.txt"
Nb nodes : 500
Nb arcs : 1800
	5 obstacles
Obstacles seed : 1030313563
	20 obstacles
Obstacles seed : 580508860
	60 obstacles
Obstacles seed : 428903682
	100 obstacles
Obstacles seed : 617909211
"/home/lionel/Documents/ENSTA/PRe/Polimi/code/data/newDB/instance_39.txt"
Nb nodes : 500
Nb arcs : 2800
	5 obstacles
Obstacles seed : 1412277685
	20 obstacles
Obstacles seed : 2033669086
	60 obstacles
Obstacles seed : 476564285
	100 obstacles
Obstacles seed : 1088590930
"/home/lionel/Documents/ENSTA/PRe/Polimi/code/data/newDB/instance_52.txt"
Nb nodes : 500
Nb arcs : 2800
	5 obstacles
Obstacles seed : 1671735990
	20 obstacles
Obstacles seed : 2010794583
	60 obstacles
Obstacles seed : 305197314
	100 obstacles
Obstacles seed : 632651476
"/home/lionel/Documents/ENSTA/PRe/Polimi/code/data/newDB/instance_226.txt"
Nb nodes : 1000
Nb arcs : 3600
	5 obstacles
Obstacles seed : 1204754116
	20 obstacles
Obstacles seed : 1384095820
	60 obstacles
Obstacles seed : 1875641892
	100 obstacles
Obstacles seed : 500037525
"/home/lionel/Documents/ENSTA/PRe/Polimi/code/data/newDB/instance_197.txt"
Nb nodes : 500
Nb arcs : 1800
	5 obstacles
Obstacles seed : 1447395528
	20 obstacles
Obstacles seed : 1351538839
	60 obstacles
Obstacles seed : 1787897525
	100 obstacles
Obstacles seed : 1745897490
"/home/lionel/Documents/ENSTA/PRe/Polimi/code/data/newDB/instance_10.txt"
Nb nodes : 500
Nb arcs : 2300
	5 obstacles
Obstacles seed : 1660651136
	20 obstacles
Obstacles seed : 61101360
	60 obstacles
Obstacles seed : 1267889618
	100 obstacles
Obstacles seed : 1326247643
"/home/lionel/Documents/ENSTA/PRe/Polimi/code/data/newDB/instance_232.txt"
Nb nodes : 1000
Nb arcs : 3600
	5 obstacles
Obstacles seed : 1640170337
	20 obstacles
Obstacles seed : 1663080928
	60 obstacles
Obstacles seed : 610506582
	100 obstacles
Obstacles seed : 164826621
"/home/lionel/Documents/ENSTA/PRe/Polimi/code/data/newDB/instance_120.txt"
Nb nodes : 2000
Nb arcs : 9200
	5 obstacles
Obstacles seed : 1889804310
	20 obstacles
Obstacles seed : 370917955
	60 obstacles
Obstacles seed : 384370888
	100 obstacles
Obstacles seed : 772634225
"/home/lionel/Documents/ENSTA/PRe/Polimi/code/data/newDB/instance_11.txt"
Nb nodes : 500
Nb arcs : 2300
	5 obstacles
Obstacles seed : 951426815
	20 obstacles
Obstacles seed : 813274570
	60 obstacles
Obstacles seed : 1390543437
	100 obstacles
Obstacles seed : 216220853
"/home/lionel/Documents/ENSTA/PRe/Polimi/code/data/newDB/instance_63.txt"
Nb nodes : 1000
Nb arcs : 4600
	5 obstacles
Obstacles seed : 699460008
	20 obstacles
Obstacles seed : 1867107722
	60 obstacles
Obstacles seed : 1304811783
	100 obstacles
Obstacles seed : 223712350
"/home/lionel/Documents/ENSTA/PRe/Polimi/code/data/newDB/instance_183.txt"
Nb nodes : 500
Nb arcs : 1800
	5 obstacles
Obstacles seed : 1730418657
	20 obstacles
Obstacles seed : 1610009097
	60 obstacles
Obstacles seed : 856363827
	100 obstacles
Obstacles seed : 787689126
"/home/lionel/Documents/ENSTA/PRe/Polimi/code/data/newDB/instance_6.txt"
Nb nodes : 500
Nb arcs : 2300
	5 obstacles
Obstacles seed : 846621269
	20 obstacles
Obstacles seed : 584522071
	60 obstacles
Obstacles seed : 1287726651
	100 obstacles
Obstacles seed : 146533149
"/home/lionel/Documents/ENSTA/PRe/Polimi/code/data/newDB/instance_141.txt"
Nb nodes : 2000
Nb arcs : 9200
	5 obstacles
Obstacles seed : 1936060910
	20 obstacles
Obstacles seed : 928140528
	60 obstacles
Obstacles seed : 1892430639
	100 obstacles
Obstacles seed : 1449228398
"/home/lionel/Documents/ENSTA/PRe/Polimi/code/data/newDB/instance_105.txt"
Nb nodes : 1000
Nb arcs : 5600
	5 obstacles
Obstacles seed : 989241888
	20 obstacles
Obstacles seed : 1012836610
	60 obstacles
Obstacles seed : 627992393
	100 obstacles
Obstacles seed : 481928577
"/home/lionel/Documents/ENSTA/PRe/Polimi/code/data/newDB/instance_31.txt"
Nb nodes : 500
Nb arcs : 2300
	5 obstacles
Obstacles seed : 528433890
	20 obstacles
Obstacles seed : 1238498976
	60 obstacles
Obstacles seed : 646755199
	100 obstacles
Obstacles seed : 270754552
"/home/lionel/Documents/ENSTA/PRe/Polimi/code/data/newDB/instance_61.txt"
Nb nodes : 1000
Nb arcs : 4600
	5 obstacles
Obstacles seed : 1609416931
	20 obstacles
Obstacles seed : 1031126087
	60 obstacles
Obstacles seed : 1043388777
	100 obstacles
Obstacles seed : 413360099
"/home/lionel/Documents/ENSTA/PRe/Polimi/code/data/newDB/instance_55.txt"
Nb nodes : 500
Nb arcs : 2800
	5 obstacles
Obstacles seed : 1844400657
	20 obstacles
Obstacles seed : 286448566
	60 obstacles
Obstacles seed : 629580952
	100 obstacles
Obstacles seed : 396377017
"/home/lionel/Documents/ENSTA/PRe/Polimi/code/data/newDB/instance_127.txt"
Nb nodes : 2000
Nb arcs : 9200
	5 obstacles
Obstacles seed : 6072641
	20 obstacles
Obstacles seed : 1934392735
	60 obstacles
Obstacles seed : 620089368
	100 obstacles
Obstacles seed : 1736491298
"/home/lionel/Documents/ENSTA/PRe/Polimi/code/data/newDB/instance_51.txt"
Nb nodes : 500
Nb arcs : 2800
	5 obstacles
Obstacles seed : 1396918184
	20 obstacles
Obstacles seed : 1476453195
	60 obstacles
Obstacles seed : 376696776
	100 obstacles
Obstacles seed : 96055805
"/home/lionel/Documents/ENSTA/PRe/Polimi/code/data/newDB/instance_18.txt"
Nb nodes : 500
Nb arcs : 2300
	5 obstacles
Obstacles seed : 2060975266
	20 obstacles
Obstacles seed : 1664423428
	60 obstacles
Obstacles seed : 242588954
	100 obstacles
Obstacles seed : 1849552528
"/home/lionel/Documents/ENSTA/PRe/Polimi/code/data/newDB/instance_138.txt"
Nb nodes : 2000
Nb arcs : 9200
	5 obstacles
Obstacles seed : 445080308
	20 obstacles
Obstacles seed : 2135019593
	60 obstacles
Obstacles seed : 1151297278
	100 obstacles
Obstacles seed : 1434322197
"/home/lionel/Documents/ENSTA/PRe/Polimi/code/data/newDB/instance_68.txt"
Nb nodes : 1000
Nb arcs : 4600
	5 obstacles
Obstacles seed : 1000372555
	20 obstacles
Obstacles seed : 1779289672
	60 obstacles
Obstacles seed : 1916250774
	100 obstacles
Obstacles seed : 1528806445
"/home/lionel/Documents/ENSTA/PRe/Polimi/code/data/newDB/instance_210.txt"
Nb nodes : 1000
Nb arcs : 3600
	5 obstacles
Obstacles seed : 870305000
	20 obstacles
Obstacles seed : 415522325
	60 obstacles
Obstacles seed : 1799560997
	100 obstacles
Obstacles seed : 332238283
"/home/lionel/Documents/ENSTA/PRe/Polimi/code/data/newDB/instance_184.txt"
Nb nodes : 500
Nb arcs : 1800
	5 obstacles
Obstacles seed : 1446648412
	20 obstacles
Obstacles seed : 695466127
	60 obstacles
Obstacles seed : 745598382
	100 obstacles
Obstacles seed : 1143565421
"/home/lionel/Documents/ENSTA/PRe/Polimi/code/data/newDB/instance_112.txt"
Nb nodes : 1000
Nb arcs : 5600
	5 obstacles
Obstacles seed : 981914693
	20 obstacles
Obstacles seed : 1375179334
	60 obstacles
Obstacles seed : 1539942439
	100 obstacles
Obstacles seed : 987987334
"/home/lionel/Documents/ENSTA/PRe/Polimi/code/data/newDB/instance_137.txt"
Nb nodes : 2000
Nb arcs : 9200
	5 obstacles
Obstacles seed : 1162088421
	20 obstacles
Obstacles seed : 12548159
	60 obstacles
Obstacles seed : 576994985
	100 obstacles
Obstacles seed : 411522957
"/home/lionel/Documents/ENSTA/PRe/Polimi/code/data/newDB/instance_432.txt"
Nb nodes : 2000
Nb arcs : 7200
	5 obstacles
Obstacles seed : 1489001354
	20 obstacles
Obstacles seed : 953691761
	60 obstacles
Obstacles seed : 507578762
	100 obstacles
Obstacles seed : 1402492972
"/home/lionel/Documents/ENSTA/PRe/Polimi/code/data/newDB/instance_159.txt"
Nb nodes : 2000
Nb arcs : 11200
	5 obstacles
Obstacles seed : 470631541
	20 obstacles
Obstacles seed : 750167716
	60 obstacles
Obstacles seed : 1104561852
	100 obstacles
Obstacles seed : 915711850
"/home/lionel/Documents/ENSTA/PRe/Polimi/code/data/newDB/instance_170.txt"
Nb nodes : 2000
Nb arcs : 11200
	5 obstacles
Obstacles seed : 737703662
	20 obstacles
Obstacles seed : 108375482
	60 obstacles
Obstacles seed : 202550399
	100 obstacles
Obstacles seed : 1738076217
"/home/lionel/Documents/ENSTA/PRe/Polimi/code/data/newDB/instance_80.txt"
Nb nodes : 1000
Nb arcs : 4600
	5 obstacles
Obstacles seed : 1887665154
	20 obstacles
Obstacles seed : 2118801173
	60 obstacles
Obstacles seed : 1119399015
	100 obstacles
Obstacles seed : 610486506
"/home/lionel/Documents/ENSTA/PRe/Polimi/code/data/newDB/instance_215.txt"
Nb nodes : 1000
Nb arcs : 3600
	5 obstacles
Obstacles seed : 386839851
	20 obstacles
Obstacles seed : 771476364
	60 obstacles
Obstacles seed : 942724790
	100 obstacles
Obstacles seed : 1833488263
"/home/lionel/Documents/ENSTA/PRe/Polimi/code/data/newDB/instance_119.txt"
Nb nodes : 1000
Nb arcs : 5600
	5 obstacles
Obstacles seed : 1466942491
	20 obstacles
Obstacles seed : 1688323172
	60 obstacles
Obstacles seed : 829570037
	100 obstacles
Obstacles seed : 301373537
"/home/lionel/Documents/ENSTA/PRe/Polimi/code/data/newDB/instance_146.txt"
Nb nodes : 2000
Nb arcs : 9200
	5 obstacles
Obstacles seed : 916018859
	20 obstacles
Obstacles seed : 222028828
	60 obstacles
Obstacles seed : 1289360871
	100 obstacles
Obstacles seed : 2078107280
"/home/lionel/Documents/ENSTA/PRe/Polimi/code/data/newDB/instance_40.txt"
Nb nodes : 500
Nb arcs : 2800
	5 obstacles
Obstacles seed : 234576987
	20 obstacles
Obstacles seed : 1866355856
	60 obstacles
Obstacles seed : 342146590
	100 obstacles
Obstacles seed : 1723578341
"/home/lionel/Documents/ENSTA/PRe/Polimi/code/data/newDB/instance_91.txt"
Nb nodes : 1000
Nb arcs : 5600
	5 obstacles
Obstacles seed : 672563970
	20 obstacles
Obstacles seed : 849725352
	60 obstacles
Obstacles seed : 978587665
	100 obstacles
Obstacles seed : 1143195511
"/home/lionel/Documents/ENSTA/PRe/Polimi/code/data/newDB/instance_149.txt"
Nb nodes : 2000
Nb arcs : 9200
	5 obstacles
Obstacles seed : 1599893069
	20 obstacles
Obstacles seed : 2083149517
	60 obstacles
Obstacles seed : 2058907361
	100 obstacles
Obstacles seed : 190113083
"/home/lionel/Documents/ENSTA/PRe/Polimi/code/data/newDB/instance_447.txt"
Nb nodes : 2000
Nb arcs : 7200
	5 obstacles
Obstacles seed : 44041351
	20 obstacles
Obstacles seed : 113974112
	60 obstacles
Obstacles seed : 1928189300
	100 obstacles
Obstacles seed : 1931706506
"/home/lionel/Documents/ENSTA/PRe/Polimi/code/data/newDB/instance_3.txt"
Nb nodes : 500
Nb arcs : 2300
	5 obstacles
Obstacles seed : 85291638
	20 obstacles
Obstacles seed : 900104667
	60 obstacles
Obstacles seed : 394709364
	100 obstacles
Obstacles seed : 472131489
"/home/lionel/Documents/ENSTA/PRe/Polimi/code/data/newDB/instance_90.txt"
Nb nodes : 1000
Nb arcs : 5600
	5 obstacles
Obstacles seed : 1671581032
	20 obstacles
Obstacles seed : 1337434154
	60 obstacles
Obstacles seed : 158136104
	100 obstacles
Obstacles seed : 991039875
"/home/lionel/Documents/ENSTA/PRe/Polimi/code/data/newDB/instance_123.txt"
Nb nodes : 2000
Nb arcs : 9200
	5 obstacles
Obstacles seed : 878273679
	20 obstacles
Obstacles seed : 987706141
	60 obstacles
Obstacles seed : 1292413412
	100 obstacles
Obstacles seed : 1794292538
"/home/lionel/Documents/ENSTA/PRe/Polimi/code/data/newDB/instance_423.txt"
Nb nodes : 2000
Nb arcs : 7200
	5 obstacles
Obstacles seed : 1209734969
	20 obstacles
Obstacles seed : 434290636
	60 obstacles
Obstacles seed : 1724916170
	100 obstacles
Obstacles seed : 1444311956
"/home/lionel/Documents/ENSTA/PRe/Polimi/code/data/newDB/instance_449.txt"
Nb nodes : 2000
Nb arcs : 7200
	5 obstacles
Obstacles seed : 153162844
	20 obstacles
Obstacles seed : 2067062760
	60 obstacles
Obstacles seed : 1020406649
	100 obstacles
Obstacles seed : 825726814
"/home/lionel/Documents/ENSTA/PRe/Polimi/code/data/newDB/instance_214.txt"
Nb nodes : 1000
Nb arcs : 3600
	5 obstacles
Obstacles seed : 769304465
	20 obstacles
Obstacles seed : 1998994314
	60 obstacles
Obstacles seed : 1968922326
	100 obstacles
Obstacles seed : 221713886
"/home/lionel/Documents/ENSTA/PRe/Polimi/code/data/newDB/instance_435.txt"
Nb nodes : 2000
Nb arcs : 7200
	5 obstacles
Obstacles seed : 1934660183
	20 obstacles
Obstacles seed : 1880346039
	60 obstacles
Obstacles seed : 411826969
	100 obstacles
Obstacles seed : 1978701535
