
Logs : 0
0.50.5101050
seed : 0


"/home/lionel/Documents/ENSTA/PRe/Polimi/code/data/completeDB/instance_521.txt"
Nb nodes : 600
Nb arcs : 359400
	5 obstacles
Obstacles seed : 1804289383
	20 obstacles
Obstacles seed : 846930886
	60 obstacles
Obstacles seed : 1681692777
	100 obstacles
Obstacles seed : 1714636915
"/home/lionel/Documents/ENSTA/PRe/Polimi/code/data/completeDB/instance_456.txt"
Nb nodes : 100
Nb arcs : 9900
	5 obstacles
Obstacles seed : 1957747793
	20 obstacles
Obstacles seed : 424238335
	60 obstacles
Obstacles seed : 719885386
	100 obstacles
Obstacles seed : 1649760492
"/home/lionel/Documents/ENSTA/PRe/Polimi/code/data/completeDB/instance_471.txt"
Nb nodes : 100
Nb arcs : 9900
	5 obstacles
Obstacles seed : 596516649
	20 obstacles
Obstacles seed : 1189641421
	60 obstacles
Obstacles seed : 1025202362
	100 obstacles
Obstacles seed : 1350490027
"/home/lionel/Documents/ENSTA/PRe/Polimi/code/data/completeDB/instance_539.txt"
Nb nodes : 600
Nb arcs : 359400
	5 obstacles
Obstacles seed : 783368690
	20 obstacles
Obstacles seed : 1102520059
	60 obstacles
Obstacles seed : 2044897763
	100 obstacles
Obstacles seed : 1967513926
"/home/lionel/Documents/ENSTA/PRe/Polimi/code/data/completeDB/instance_550.txt"
Nb nodes : 1000
Nb arcs : 999000
	5 obstacles
Obstacles seed : 1365180540
	20 obstacles
Obstacles seed : 1540383426
	60 obstacles
Obstacles seed : 304089172
	100 obstacles
Obstacles seed : 1303455736
"/home/lionel/Documents/ENSTA/PRe/Polimi/code/data/completeDB/instance_461.txt"
Nb nodes : 100
Nb arcs : 9900
	5 obstacles
Obstacles seed : 35005211
	20 obstacles
Obstacles seed : 521595368
	60 obstacles
Obstacles seed : 294702567
	100 obstacles
Obstacles seed : 1726956429
"/home/lionel/Documents/ENSTA/PRe/Polimi/code/data/completeDB/instance_462.txt"
Nb nodes : 100
Nb arcs : 9900
	5 obstacles
Obstacles seed : 336465782
	20 obstacles
Obstacles seed : 861021530
	60 obstacles
Obstacles seed : 278722862
	100 obstacles
Obstacles seed : 233665123
"/home/lionel/Documents/ENSTA/PRe/Polimi/code/data/completeDB/instance_528.txt"
Nb nodes : 600
Nb arcs : 359400
	5 obstacles
Obstacles seed : 2145174067
	20 obstacles
Obstacles seed : 468703135
	60 obstacles
Obstacles seed : 1101513929
	100 obstacles
Obstacles seed : 1801979802
"/home/lionel/Documents/ENSTA/PRe/Polimi/code/data/completeDB/instance_540.txt"
Nb nodes : 1000
Nb arcs : 999000
	5 obstacles
Obstacles seed : 1315634022
	20 obstacles
Obstacles seed : 635723058
	60 obstacles
Obstacles seed : 1369133069
	100 obstacles
Obstacles seed : 1125898167
"/home/lionel/Documents/ENSTA/PRe/Polimi/code/data/completeDB/instance_568.txt"
Nb nodes : 1000
Nb arcs : 999000
	5 obstacles
Obstacles seed : 1059961393
	20 obstacles
Obstacles seed : 2089018456
	60 obstacles
Obstacles seed : 628175011
	100 obstacles
Obstacles seed : 1656478042
"/home/lionel/Documents/ENSTA/PRe/Polimi/code/data/completeDB/instance_512.txt"
Nb nodes : 600
Nb arcs : 359400
	5 obstacles
Obstacles seed : 1131176229
	20 obstacles
Obstacles seed : 1653377373
	60 obstacles
Obstacles seed : 859484421
	100 obstacles
Obstacles seed : 1914544919
"/home/lionel/Documents/ENSTA/PRe/Polimi/code/data/completeDB/instance_567.txt"
Nb nodes : 1000
Nb arcs : 999000
	5 obstacles
Obstacles seed : 608413784
	20 obstacles
Obstacles seed : 756898537
	60 obstacles
Obstacles seed : 1734575198
	100 obstacles
Obstacles seed : 1973594324
"/home/lionel/Documents/ENSTA/PRe/Polimi/code/data/completeDB/instance_537.txt"
Nb nodes : 600
Nb arcs : 359400
	5 obstacles
Obstacles seed : 149798315
	20 obstacles
Obstacles seed : 2038664370
	60 obstacles
Obstacles seed : 1129566413
	100 obstacles
Obstacles seed : 184803526
"/home/lionel/Documents/ENSTA/PRe/Polimi/code/data/completeDB/instance_569.txt"
Nb nodes : 1000
Nb arcs : 999000
	5 obstacles
Obstacles seed : 412776091
	20 obstacles
Obstacles seed : 1424268980
	60 obstacles
Obstacles seed : 1911759956
	100 obstacles
Obstacles seed : 749241873
"/home/lionel/Documents/ENSTA/PRe/Polimi/code/data/completeDB/instance_475.txt"
Nb nodes : 100
Nb arcs : 9900
	5 obstacles
Obstacles seed : 137806862
	20 obstacles
Obstacles seed : 42999170
	60 obstacles
Obstacles seed : 982906996
	100 obstacles
Obstacles seed : 135497281
"/home/lionel/Documents/ENSTA/PRe/Polimi/code/data/completeDB/instance_555.txt"
Nb nodes : 1000
Nb arcs : 999000
	5 obstacles
Obstacles seed : 511702305
	20 obstacles
Obstacles seed : 2084420925
	60 obstacles
Obstacles seed : 1937477084
	100 obstacles
Obstacles seed : 1827336327
"/home/lionel/Documents/ENSTA/PRe/Polimi/code/data/completeDB/instance_464.txt"
Nb nodes : 100
Nb arcs : 9900
	5 obstacles
Obstacles seed : 572660336
	20 obstacles
Obstacles seed : 1159126505
	60 obstacles
Obstacles seed : 805750846
	100 obstacles
Obstacles seed : 1632621729
"/home/lionel/Documents/ENSTA/PRe/Polimi/code/data/completeDB/instance_543.txt"
Nb nodes : 1000
Nb arcs : 999000
	5 obstacles
Obstacles seed : 1100661313
	20 obstacles
Obstacles seed : 1433925857
	60 obstacles
Obstacles seed : 1141616124
	100 obstacles
Obstacles seed : 84353895
"/home/lionel/Documents/ENSTA/PRe/Polimi/code/data/completeDB/instance_490.txt"
Nb nodes : 200
Nb arcs : 39800
	5 obstacles
Obstacles seed : 939819582
	20 obstacles
Obstacles seed : 2001100545
	60 obstacles
Obstacles seed : 1998898814
	100 obstacles
Obstacles seed : 1548233367
"/home/lionel/Documents/ENSTA/PRe/Polimi/code/data/completeDB/instance_560.txt"
Nb nodes : 1000
Nb arcs : 999000
	5 obstacles
Obstacles seed : 610515434
	20 obstacles
Obstacles seed : 1585990364
	60 obstacles
Obstacles seed : 1374344043
	100 obstacles
Obstacles seed : 760313750
"/home/lionel/Documents/ENSTA/PRe/Polimi/code/data/completeDB/instance_533.txt"
Nb nodes : 600
Nb arcs : 359400
	5 obstacles
Obstacles seed : 1477171087
	20 obstacles
Obstacles seed : 356426808
	60 obstacles
Obstacles seed : 945117276
	100 obstacles
Obstacles seed : 1889947178
"/home/lionel/Documents/ENSTA/PRe/Polimi/code/data/completeDB/instance_451.txt"
Nb nodes : 100
Nb arcs : 9900
	5 obstacles
Obstacles seed : 1780695788
	20 obstacles
Obstacles seed : 709393584
	60 obstacles
Obstacles seed : 491705403
	100 obstacles
Obstacles seed : 1918502651
"/home/lionel/Documents/ENSTA/PRe/Polimi/code/data/completeDB/instance_502.txt"
Nb nodes : 200
Nb arcs : 39800
	5 obstacles
Obstacles seed : 752392754
	20 obstacles
Obstacles seed : 1474612399
	60 obstacles
Obstacles seed : 2053999932
	100 obstacles
Obstacles seed : 1264095060
"/home/lionel/Documents/ENSTA/PRe/Polimi/code/data/completeDB/instance_552.txt"
Nb nodes : 1000
Nb arcs : 999000
	5 obstacles
Obstacles seed : 1411549676
	20 obstacles
Obstacles seed : 1843993368
	60 obstacles
Obstacles seed : 943947739
	100 obstacles
Obstacles seed : 1984210012
"/home/lionel/Documents/ENSTA/PRe/Polimi/code/data/completeDB/instance_532.txt"
Nb nodes : 600
Nb arcs : 359400
	5 obstacles
Obstacles seed : 855636226
	20 obstacles
Obstacles seed : 1749698586
	60 obstacles
Obstacles seed : 1469348094
	100 obstacles
Obstacles seed : 1956297539
"/home/lionel/Documents/ENSTA/PRe/Polimi/code/data/completeDB/instance_457.txt"
Nb nodes : 100
Nb arcs : 9900
	5 obstacles
Obstacles seed : 1036140795
	20 obstacles
Obstacles seed : 463480570
	60 obstacles
Obstacles seed : 2040651434
	100 obstacles
Obstacles seed : 1975960378
"/home/lionel/Documents/ENSTA/PRe/Polimi/code/data/completeDB/instance_544.txt"
Nb nodes : 1000
Nb arcs : 999000
	5 obstacles
Obstacles seed : 317097467
	20 obstacles
Obstacles seed : 1892066601
	60 obstacles
Obstacles seed : 1376710097
	100 obstacles
Obstacles seed : 927612902
"/home/lionel/Documents/ENSTA/PRe/Polimi/code/data/completeDB/instance_554.txt"
Nb nodes : 1000
Nb arcs : 999000
	5 obstacles
Obstacles seed : 1330573317
	20 obstacles
Obstacles seed : 603570492
	60 obstacles
Obstacles seed : 1687926652
	100 obstacles
Obstacles seed : 660260756
"/home/lionel/Documents/ENSTA/PRe/Polimi/code/data/completeDB/instance_454.txt"
Nb nodes : 100
Nb arcs : 9900
	5 obstacles
Obstacles seed : 959997301
	20 obstacles
Obstacles seed : 485560280
	60 obstacles
Obstacles seed : 402724286
	100 obstacles
Obstacles seed : 593209441
"/home/lionel/Documents/ENSTA/PRe/Polimi/code/data/completeDB/instance_463.txt"
Nb nodes : 100
Nb arcs : 9900
	5 obstacles
Obstacles seed : 1194953865
	20 obstacles
Obstacles seed : 894429689
	60 obstacles
Obstacles seed : 364228444
	100 obstacles
Obstacles seed : 1947346619
"/home/lionel/Documents/ENSTA/PRe/Polimi/code/data/completeDB/instance_493.txt"
Nb nodes : 200
Nb arcs : 39800
	5 obstacles
Obstacles seed : 221558440
	20 obstacles
Obstacles seed : 270744729
	60 obstacles
Obstacles seed : 1063958031
	100 obstacles
Obstacles seed : 1633108117
"/home/lionel/Documents/ENSTA/PRe/Polimi/code/data/completeDB/instance_465.txt"
Nb nodes : 100
Nb arcs : 9900
	5 obstacles
Obstacles seed : 2114738097
	20 obstacles
Obstacles seed : 2007905771
	60 obstacles
Obstacles seed : 1469834481
	100 obstacles
Obstacles seed : 822890675
"/home/lionel/Documents/ENSTA/PRe/Polimi/code/data/completeDB/instance_453.txt"
Nb nodes : 100
Nb arcs : 9900
	5 obstacles
Obstacles seed : 1610120709
	20 obstacles
Obstacles seed : 791698927
	60 obstacles
Obstacles seed : 631704567
	100 obstacles
Obstacles seed : 498777856
"/home/lionel/Documents/ENSTA/PRe/Polimi/code/data/completeDB/instance_458.txt"
Nb nodes : 100
Nb arcs : 9900
	5 obstacles
Obstacles seed : 1255179497
	20 obstacles
Obstacles seed : 524872353
	60 obstacles
Obstacles seed : 327254586
	100 obstacles
Obstacles seed : 1572276965
"/home/lionel/Documents/ENSTA/PRe/Polimi/code/data/completeDB/instance_566.txt"
Nb nodes : 1000
Nb arcs : 999000
	5 obstacles
Obstacles seed : 269455306
	20 obstacles
Obstacles seed : 1703964683
	60 obstacles
Obstacles seed : 352406219
	100 obstacles
Obstacles seed : 1600028624
"/home/lionel/Documents/ENSTA/PRe/Polimi/code/data/completeDB/instance_455.txt"
Nb nodes : 100
Nb arcs : 9900
	5 obstacles
Obstacles seed : 160051528
	20 obstacles
Obstacles seed : 2040332871
	60 obstacles
Obstacles seed : 112805732
	100 obstacles
Obstacles seed : 1120048829
"/home/lionel/Documents/ENSTA/PRe/Polimi/code/data/completeDB/instance_500.txt"
Nb nodes : 200
Nb arcs : 39800
	5 obstacles
Obstacles seed : 378409503
	20 obstacles
Obstacles seed : 515530019
	60 obstacles
Obstacles seed : 1713258270
	100 obstacles
Obstacles seed : 1573363368
"/home/lionel/Documents/ENSTA/PRe/Polimi/code/data/completeDB/instance_558.txt"
Nb nodes : 1000
Nb arcs : 999000
	5 obstacles
Obstacles seed : 1409959708
	20 obstacles
Obstacles seed : 2077486715
	60 obstacles
Obstacles seed : 1373226340
	100 obstacles
Obstacles seed : 1631518149
"/home/lionel/Documents/ENSTA/PRe/Polimi/code/data/completeDB/instance_494.txt"
Nb nodes : 200
Nb arcs : 39800
	5 obstacles
Obstacles seed : 200747796
	20 obstacles
Obstacles seed : 289700723
	60 obstacles
Obstacles seed : 1117142618
	100 obstacles
Obstacles seed : 168002245
"/home/lionel/Documents/ENSTA/PRe/Polimi/code/data/completeDB/instance_481.txt"
Nb nodes : 200
Nb arcs : 39800
	5 obstacles
Obstacles seed : 150122846
	20 obstacles
Obstacles seed : 439493451
	60 obstacles
Obstacles seed : 990892921
	100 obstacles
Obstacles seed : 1760243555
"/home/lionel/Documents/ENSTA/PRe/Polimi/code/data/completeDB/instance_486.txt"
Nb nodes : 200
Nb arcs : 39800
	5 obstacles
Obstacles seed : 1231192379
	20 obstacles
Obstacles seed : 1622597488
	60 obstacles
Obstacles seed : 111537764
	100 obstacles
Obstacles seed : 338888228
"/home/lionel/Documents/ENSTA/PRe/Polimi/code/data/completeDB/instance_499.txt"
Nb nodes : 200
Nb arcs : 39800
	5 obstacles
Obstacles seed : 2147469841
	20 obstacles
Obstacles seed : 438792350
	60 obstacles
Obstacles seed : 1911165193
	100 obstacles
Obstacles seed : 269441500
"/home/lionel/Documents/ENSTA/PRe/Polimi/code/data/completeDB/instance_450.txt"
Nb nodes : 100
Nb arcs : 9900
	5 obstacles
Obstacles seed : 2142757034
	20 obstacles
Obstacles seed : 116087764
	60 obstacles
Obstacles seed : 1869470124
	100 obstacles
Obstacles seed : 155324914
"/home/lionel/Documents/ENSTA/PRe/Polimi/code/data/completeDB/instance_467.txt"
Nb nodes : 100
Nb arcs : 9900
	5 obstacles
Obstacles seed : 8936987
	20 obstacles
Obstacles seed : 1982275856
	60 obstacles
Obstacles seed : 1275373743
	100 obstacles
Obstacles seed : 387346491
"/home/lionel/Documents/ENSTA/PRe/Polimi/code/data/completeDB/instance_488.txt"
Nb nodes : 200
Nb arcs : 39800
	5 obstacles
Obstacles seed : 350322227
	20 obstacles
Obstacles seed : 841148365
	60 obstacles
Obstacles seed : 1960709859
	100 obstacles
Obstacles seed : 1760281936
"/home/lionel/Documents/ENSTA/PRe/Polimi/code/data/completeDB/instance_534.txt"
Nb nodes : 600
Nb arcs : 359400
	5 obstacles
Obstacles seed : 771151432
	20 obstacles
Obstacles seed : 1186452551
	60 obstacles
Obstacles seed : 1244316437
	100 obstacles
Obstacles seed : 971899228
"/home/lionel/Documents/ENSTA/PRe/Polimi/code/data/completeDB/instance_466.txt"
Nb nodes : 100
Nb arcs : 9900
	5 obstacles
Obstacles seed : 1476153275
	20 obstacles
Obstacles seed : 213975407
	60 obstacles
Obstacles seed : 1139901474
	100 obstacles
Obstacles seed : 1626276121
"/home/lionel/Documents/ENSTA/PRe/Polimi/code/data/completeDB/instance_529.txt"
Nb nodes : 600
Nb arcs : 359400
	5 obstacles
Obstacles seed : 653468858
	20 obstacles
Obstacles seed : 2130794395
	60 obstacles
Obstacles seed : 1239036029
	100 obstacles
Obstacles seed : 1884661237
"/home/lionel/Documents/ENSTA/PRe/Polimi/code/data/completeDB/instance_510.txt"
Nb nodes : 600
Nb arcs : 359400
	5 obstacles
Obstacles seed : 1605908235
	20 obstacles
Obstacles seed : 1350573793
	60 obstacles
Obstacles seed : 76065818
	100 obstacles
Obstacles seed : 1605894428
"/home/lionel/Documents/ENSTA/PRe/Polimi/code/data/completeDB/instance_495.txt"
Nb nodes : 200
Nb arcs : 39800
	5 obstacles
Obstacles seed : 1789366143
	20 obstacles
Obstacles seed : 1987231011
	60 obstacles
Obstacles seed : 1875335928
	100 obstacles
Obstacles seed : 1784639529
"/home/lionel/Documents/ENSTA/PRe/Polimi/code/data/completeDB/instance_563.txt"
Nb nodes : 1000
Nb arcs : 999000
	5 obstacles
Obstacles seed : 2103318776
	20 obstacles
Obstacles seed : 1597322404
	60 obstacles
Obstacles seed : 1939964443
	100 obstacles
Obstacles seed : 2112255763
"/home/lionel/Documents/ENSTA/PRe/Polimi/code/data/completeDB/instance_536.txt"
Nb nodes : 600
Nb arcs : 359400
	5 obstacles
Obstacles seed : 1432114613
	20 obstacles
Obstacles seed : 1067854538
	60 obstacles
Obstacles seed : 352118606
	100 obstacles
Obstacles seed : 1782436840
"/home/lionel/Documents/ENSTA/PRe/Polimi/code/data/completeDB/instance_542.txt"
Nb nodes : 1000
Nb arcs : 999000
	5 obstacles
Obstacles seed : 1909002904
	20 obstacles
Obstacles seed : 165344818
	60 obstacles
Obstacles seed : 1395235128
	100 obstacles
Obstacles seed : 532670688
"/home/lionel/Documents/ENSTA/PRe/Polimi/code/data/completeDB/instance_506.txt"
Nb nodes : 200
Nb arcs : 39800
	5 obstacles
Obstacles seed : 1351797369
	20 obstacles
Obstacles seed : 492067917
	60 obstacles
Obstacles seed : 1504569917
	100 obstacles
Obstacles seed : 680466996
"/home/lionel/Documents/ENSTA/PRe/Polimi/code/data/completeDB/instance_549.txt"
Nb nodes : 1000
Nb arcs : 999000
	5 obstacles
Obstacles seed : 706043324
	20 obstacles
Obstacles seed : 496987743
	60 obstacles
Obstacles seed : 159259470
	100 obstacles
Obstacles seed : 1359512183
"/home/lionel/Documents/ENSTA/PRe/Polimi/code/data/completeDB/instance_548.txt"
Nb nodes : 1000
Nb arcs : 999000
	5 obstacles
Obstacles seed : 480298490
	20 obstacles
Obstacles seed : 1398295499
	60 obstacles
Obstacles seed : 1096689772
	100 obstacles
Obstacles seed : 2086206725
"/home/lionel/Documents/ENSTA/PRe/Polimi/code/data/completeDB/instance_478.txt"
Nb nodes : 100
Nb arcs : 9900
	5 obstacles
Obstacles seed : 601385644
	20 obstacles
Obstacles seed : 1172755590
	60 obstacles
Obstacles seed : 1544617505
	100 obstacles
Obstacles seed : 243268139
"/home/lionel/Documents/ENSTA/PRe/Polimi/code/data/completeDB/instance_551.txt"
Nb nodes : 1000
Nb arcs : 999000
	5 obstacles
Obstacles seed : 1012502954
	20 obstacles
Obstacles seed : 1272469786
	60 obstacles
Obstacles seed : 2027907669
	100 obstacles
Obstacles seed : 968338082
"/home/lionel/Documents/ENSTA/PRe/Polimi/code/data/completeDB/instance_474.txt"
Nb nodes : 100
Nb arcs : 9900
	5 obstacles
Obstacles seed : 722308542
	20 obstacles
Obstacles seed : 1820388464
	60 obstacles
Obstacles seed : 933110197
	100 obstacles
Obstacles seed : 6939507
"/home/lionel/Documents/ENSTA/PRe/Polimi/code/data/completeDB/instance_564.txt"
Nb nodes : 1000
Nb arcs : 999000
	5 obstacles
Obstacles seed : 740759355
	20 obstacles
Obstacles seed : 1285228804
	60 obstacles
Obstacles seed : 1789376348
	100 obstacles
Obstacles seed : 502278611
"/home/lionel/Documents/ENSTA/PRe/Polimi/code/data/completeDB/instance_501.txt"
Nb nodes : 200
Nb arcs : 39800
	5 obstacles
Obstacles seed : 1450573622
	20 obstacles
Obstacles seed : 1037127828
	60 obstacles
Obstacles seed : 1034949299
	100 obstacles
Obstacles seed : 654887343
"/home/lionel/Documents/ENSTA/PRe/Polimi/code/data/completeDB/instance_517.txt"
Nb nodes : 600
Nb arcs : 359400
	5 obstacles
Obstacles seed : 1529195746
	20 obstacles
Obstacles seed : 392035568
	60 obstacles
Obstacles seed : 1335354340
	100 obstacles
Obstacles seed : 87755422
"/home/lionel/Documents/ENSTA/PRe/Polimi/code/data/completeDB/instance_460.txt"
Nb nodes : 100
Nb arcs : 9900
	5 obstacles
Obstacles seed : 889023311
	20 obstacles
Obstacles seed : 1494613810
	60 obstacles
Obstacles seed : 1447267605
	100 obstacles
Obstacles seed : 1369321801
"/home/lionel/Documents/ENSTA/PRe/Polimi/code/data/completeDB/instance_479.txt"
Nb nodes : 100
Nb arcs : 9900
	5 obstacles
Obstacles seed : 745425661
	20 obstacles
Obstacles seed : 396473730
	60 obstacles
Obstacles seed : 1308044878
	100 obstacles
Obstacles seed : 1346811305
"/home/lionel/Documents/ENSTA/PRe/Polimi/code/data/completeDB/instance_565.txt"
Nb nodes : 1000
Nb arcs : 999000
	5 obstacles
Obstacles seed : 1569229320
	20 obstacles
Obstacles seed : 705178736
	60 obstacles
Obstacles seed : 1590079444
	100 obstacles
Obstacles seed : 434248626
"/home/lionel/Documents/ENSTA/PRe/Polimi/code/data/completeDB/instance_520.txt"
Nb nodes : 600
Nb arcs : 359400
	5 obstacles
Obstacles seed : 1977648522
	20 obstacles
Obstacles seed : 1470503465
	60 obstacles
Obstacles seed : 1402586708
	100 obstacles
Obstacles seed : 552473416
"/home/lionel/Documents/ENSTA/PRe/Polimi/code/data/completeDB/instance_524.txt"
Nb nodes : 600
Nb arcs : 359400
	5 obstacles
Obstacles seed : 1143408282
	20 obstacles
Obstacles seed : 188213258
	60 obstacles
Obstacles seed : 559412924
	100 obstacles
Obstacles seed : 1884167637
"/home/lionel/Documents/ENSTA/PRe/Polimi/code/data/completeDB/instance_546.txt"
Nb nodes : 1000
Nb arcs : 999000
	5 obstacles
Obstacles seed : 1473442062
	20 obstacles
Obstacles seed : 201305624
	60 obstacles
Obstacles seed : 238962600
	100 obstacles
Obstacles seed : 776532036
"/home/lionel/Documents/ENSTA/PRe/Polimi/code/data/completeDB/instance_487.txt"
Nb nodes : 200
Nb arcs : 39800
	5 obstacles
Obstacles seed : 1238433452
	20 obstacles
Obstacles seed : 1273911899
	60 obstacles
Obstacles seed : 1431419379
	100 obstacles
Obstacles seed : 620145550
"/home/lionel/Documents/ENSTA/PRe/Polimi/code/data/completeDB/instance_504.txt"
Nb nodes : 200
Nb arcs : 39800
	5 obstacles
Obstacles seed : 1665947468
	20 obstacles
Obstacles seed : 619290071
	60 obstacles
Obstacles seed : 707900973
	100 obstacles
Obstacles seed : 407487131
"/home/lionel/Documents/ENSTA/PRe/Polimi/code/data/completeDB/instance_556.txt"
Nb nodes : 1000
Nb arcs : 999000
	5 obstacles
Obstacles seed : 2113903881
	20 obstacles
Obstacles seed : 7684930
	60 obstacles
Obstacles seed : 1776808933
	100 obstacles
Obstacles seed : 711845894
"/home/lionel/Documents/ENSTA/PRe/Polimi/code/data/completeDB/instance_561.txt"
Nb nodes : 1000
Nb arcs : 999000
	5 obstacles
Obstacles seed : 404158660
	20 obstacles
Obstacles seed : 937370163
	60 obstacles
Obstacles seed : 2058657199
	100 obstacles
Obstacles seed : 1973387981
"/home/lionel/Documents/ENSTA/PRe/Polimi/code/data/completeDB/instance_497.txt"
Nb nodes : 200
Nb arcs : 39800
	5 obstacles
Obstacles seed : 1642548899
	20 obstacles
Obstacles seed : 1501252996
	60 obstacles
Obstacles seed : 260152959
	100 obstacles
Obstacles seed : 1472713773
"/home/lionel/Documents/ENSTA/PRe/Polimi/code/data/completeDB/instance_527.txt"
Nb nodes : 600
Nb arcs : 359400
	5 obstacles
Obstacles seed : 824272813
	20 obstacles
Obstacles seed : 1662739668
	60 obstacles
Obstacles seed : 2025187190
	100 obstacles
Obstacles seed : 1967681095
"/home/lionel/Documents/ENSTA/PRe/Polimi/code/data/completeDB/instance_477.txt"
Nb nodes : 100
Nb arcs : 9900
	5 obstacles
Obstacles seed : 1850952926
	20 obstacles
Obstacles seed : 437116466
	60 obstacles
Obstacles seed : 1704365084
	100 obstacles
Obstacles seed : 1176911340
"/home/lionel/Documents/ENSTA/PRe/Polimi/code/data/completeDB/instance_511.txt"
Nb nodes : 600
Nb arcs : 359400
	5 obstacles
Obstacles seed : 638422090
	20 obstacles
Obstacles seed : 1943327684
	60 obstacles
Obstacles seed : 1953443376
	100 obstacles
Obstacles seed : 1876855542
"/home/lionel/Documents/ENSTA/PRe/Polimi/code/data/completeDB/instance_473.txt"
Nb nodes : 100
Nb arcs : 9900
	5 obstacles
Obstacles seed : 1069755936
	20 obstacles
Obstacles seed : 1237379107
	60 obstacles
Obstacles seed : 349517445
	100 obstacles
Obstacles seed : 588219756
"/home/lionel/Documents/ENSTA/PRe/Polimi/code/data/completeDB/instance_531.txt"
Nb nodes : 600
Nb arcs : 359400
	5 obstacles
Obstacles seed : 1856669179
	20 obstacles
Obstacles seed : 1057418418
	60 obstacles
Obstacles seed : 995706887
	100 obstacles
Obstacles seed : 1823089412
"/home/lionel/Documents/ENSTA/PRe/Polimi/code/data/completeDB/instance_535.txt"
Nb nodes : 600
Nb arcs : 359400
	5 obstacles
Obstacles seed : 1065103348
	20 obstacles
Obstacles seed : 625032172
	60 obstacles
Obstacles seed : 387451659
	100 obstacles
Obstacles seed : 1469262009
"/home/lionel/Documents/ENSTA/PRe/Polimi/code/data/completeDB/instance_459.txt"
Nb nodes : 100
Nb arcs : 9900
	5 obstacles
Obstacles seed : 1562402336
	20 obstacles
Obstacles seed : 298625210
	60 obstacles
Obstacles seed : 1295166342
	100 obstacles
Obstacles seed : 1057467587
"/home/lionel/Documents/ENSTA/PRe/Polimi/code/data/completeDB/instance_541.txt"
Nb nodes : 1000
Nb arcs : 999000
	5 obstacles
Obstacles seed : 1799878206
	20 obstacles
Obstacles seed : 1555319301
	60 obstacles
Obstacles seed : 382697713
	100 obstacles
Obstacles seed : 476667372
"/home/lionel/Documents/ENSTA/PRe/Polimi/code/data/completeDB/instance_492.txt"
Nb nodes : 200
Nb arcs : 39800
	5 obstacles
Obstacles seed : 1070575321
	20 obstacles
Obstacles seed : 260401255
	60 obstacles
Obstacles seed : 296864819
	100 obstacles
Obstacles seed : 774044599
"/home/lionel/Documents/ENSTA/PRe/Polimi/code/data/completeDB/instance_522.txt"
Nb nodes : 600
Nb arcs : 359400
	5 obstacles
Obstacles seed : 697517721
	20 obstacles
Obstacles seed : 2001229904
	60 obstacles
Obstacles seed : 1950955939
	100 obstacles
Obstacles seed : 1335939811
"/home/lionel/Documents/ENSTA/PRe/Polimi/code/data/completeDB/instance_562.txt"
Nb nodes : 1000
Nb arcs : 999000
	5 obstacles
Obstacles seed : 1797073940
	20 obstacles
Obstacles seed : 1756915667
	60 obstacles
Obstacles seed : 1065311705
	100 obstacles
Obstacles seed : 719346228
"/home/lionel/Documents/ENSTA/PRe/Polimi/code/data/completeDB/instance_491.txt"
Nb nodes : 200
Nb arcs : 39800
	5 obstacles
Obstacles seed : 846811127
	20 obstacles
Obstacles seed : 1414829150
	60 obstacles
Obstacles seed : 1307565984
	100 obstacles
Obstacles seed : 555996658
"/home/lionel/Documents/ENSTA/PRe/Polimi/code/data/completeDB/instance_452.txt"
Nb nodes : 100
Nb arcs : 9900
	5 obstacles
Obstacles seed : 324763920
	20 obstacles
Obstacles seed : 155789224
	60 obstacles
Obstacles seed : 231602422
	100 obstacles
Obstacles seed : 1389867269
"/home/lionel/Documents/ENSTA/PRe/Polimi/code/data/completeDB/instance_503.txt"
Nb nodes : 200
Nb arcs : 39800
	5 obstacles
Obstacles seed : 780821396
	20 obstacles
Obstacles seed : 619054081
	60 obstacles
Obstacles seed : 711645630
	100 obstacles
Obstacles seed : 195740084
"/home/lionel/Documents/ENSTA/PRe/Polimi/code/data/completeDB/instance_496.txt"
Nb nodes : 200
Nb arcs : 39800
	5 obstacles
Obstacles seed : 917679292
	20 obstacles
Obstacles seed : 2006811972
	60 obstacles
Obstacles seed : 1253207672
	100 obstacles
Obstacles seed : 570073850
"/home/lionel/Documents/ENSTA/PRe/Polimi/code/data/completeDB/instance_469.txt"
Nb nodes : 100
Nb arcs : 9900
	5 obstacles
Obstacles seed : 1414647625
	20 obstacles
Obstacles seed : 1635905385
	60 obstacles
Obstacles seed : 1046741222
	100 obstacles
Obstacles seed : 337739299
"/home/lionel/Documents/ENSTA/PRe/Polimi/code/data/completeDB/instance_507.txt"
Nb nodes : 200
Nb arcs : 39800
	5 obstacles
Obstacles seed : 1896306640
	20 obstacles
Obstacles seed : 1343606042
	60 obstacles
Obstacles seed : 1111783898
	100 obstacles
Obstacles seed : 446340713
"/home/lionel/Documents/ENSTA/PRe/Polimi/code/data/completeDB/instance_470.txt"
Nb nodes : 100
Nb arcs : 9900
	5 obstacles
Obstacles seed : 1197352298
	20 obstacles
Obstacles seed : 915256190
	60 obstacles
Obstacles seed : 1782280524
	100 obstacles
Obstacles seed : 846942590
"/home/lionel/Documents/ENSTA/PRe/Polimi/code/data/completeDB/instance_483.txt"
Nb nodes : 200
Nb arcs : 39800
	5 obstacles
Obstacles seed : 524688209
	20 obstacles
Obstacles seed : 700108581
	60 obstacles
Obstacles seed : 1566288819
	100 obstacles
Obstacles seed : 1371499336
"/home/lionel/Documents/ENSTA/PRe/Polimi/code/data/completeDB/instance_482.txt"
Nb nodes : 200
Nb arcs : 39800
	5 obstacles
Obstacles seed : 2114937732
	20 obstacles
Obstacles seed : 726371155
	60 obstacles
Obstacles seed : 1927495994
	100 obstacles
Obstacles seed : 292218004
"/home/lionel/Documents/ENSTA/PRe/Polimi/code/data/completeDB/instance_547.txt"
Nb nodes : 1000
Nb arcs : 999000
	5 obstacles
Obstacles seed : 882160379
	20 obstacles
Obstacles seed : 11614769
	60 obstacles
Obstacles seed : 1682085273
	100 obstacles
Obstacles seed : 1662981776
"/home/lionel/Documents/ENSTA/PRe/Polimi/code/data/completeDB/instance_498.txt"
Nb nodes : 200
Nb arcs : 39800
	5 obstacles
Obstacles seed : 630668850
	20 obstacles
Obstacles seed : 246247255
	60 obstacles
Obstacles seed : 1858721860
	100 obstacles
Obstacles seed : 1548348142
"/home/lionel/Documents/ENSTA/PRe/Polimi/code/data/completeDB/instance_509.txt"
Nb nodes : 200
Nb arcs : 39800
	5 obstacles
Obstacles seed : 105575579
	20 obstacles
Obstacles seed : 964445884
	60 obstacles
Obstacles seed : 2118421993
	100 obstacles
Obstacles seed : 1520223205
"/home/lionel/Documents/ENSTA/PRe/Polimi/code/data/completeDB/instance_484.txt"
Nb nodes : 200
Nb arcs : 39800
	5 obstacles
Obstacles seed : 452867621
	20 obstacles
Obstacles seed : 1017679567
	60 obstacles
Obstacles seed : 1857962504
	100 obstacles
Obstacles seed : 201690613
"/home/lionel/Documents/ENSTA/PRe/Polimi/code/data/completeDB/instance_553.txt"
Nb nodes : 1000
Nb arcs : 999000
	5 obstacles
Obstacles seed : 213801961
	20 obstacles
Obstacles seed : 822262754
	60 obstacles
Obstacles seed : 648031326
	100 obstacles
Obstacles seed : 1411154259
"/home/lionel/Documents/ENSTA/PRe/Polimi/code/data/completeDB/instance_525.txt"
Nb nodes : 600
Nb arcs : 359400
	5 obstacles
Obstacles seed : 1737518944
	20 obstacles
Obstacles seed : 282828202
	60 obstacles
Obstacles seed : 110613202
	100 obstacles
Obstacles seed : 114723506
"/home/lionel/Documents/ENSTA/PRe/Polimi/code/data/completeDB/instance_518.txt"
Nb nodes : 600
Nb arcs : 359400
	5 obstacles
Obstacles seed : 982936784
	20 obstacles
Obstacles seed : 1676902021
	60 obstacles
Obstacles seed : 1486222842
	100 obstacles
Obstacles seed : 950390868
"/home/lionel/Documents/ENSTA/PRe/Polimi/code/data/completeDB/instance_538.txt"
Nb nodes : 600
Nb arcs : 359400
	5 obstacles
Obstacles seed : 255789528
	20 obstacles
Obstacles seed : 1266235189
	60 obstacles
Obstacles seed : 1242608872
	100 obstacles
Obstacles seed : 1137949908
"/home/lionel/Documents/ENSTA/PRe/Polimi/code/data/completeDB/instance_516.txt"
Nb nodes : 600
Nb arcs : 359400
	5 obstacles
Obstacles seed : 1277849958
	20 obstacles
Obstacles seed : 777210498
	60 obstacles
Obstacles seed : 653448036
	100 obstacles
Obstacles seed : 1908518808
"/home/lionel/Documents/ENSTA/PRe/Polimi/code/data/completeDB/instance_480.txt"
Nb nodes : 200
Nb arcs : 39800
	5 obstacles
Obstacles seed : 1023457753
	20 obstacles
Obstacles seed : 364686248
	60 obstacles
Obstacles seed : 1309383303
	100 obstacles
Obstacles seed : 1129033333
"/home/lionel/Documents/ENSTA/PRe/Polimi/code/data/completeDB/instance_519.txt"
Nb nodes : 600
Nb arcs : 359400
	5 obstacles
Obstacles seed : 1329132133
	20 obstacles
Obstacles seed : 1280321648
	60 obstacles
Obstacles seed : 501772890
	100 obstacles
Obstacles seed : 1781999754
"/home/lionel/Documents/ENSTA/PRe/Polimi/code/data/completeDB/instance_513.txt"
Nb nodes : 600
Nb arcs : 359400
	5 obstacles
Obstacles seed : 150517567
	20 obstacles
Obstacles seed : 212251746
	60 obstacles
Obstacles seed : 1983690368
	100 obstacles
Obstacles seed : 364319529
"/home/lionel/Documents/ENSTA/PRe/Polimi/code/data/completeDB/instance_505.txt"
Nb nodes : 200
Nb arcs : 39800
	5 obstacles
Obstacles seed : 1034514500
	20 obstacles
Obstacles seed : 484238046
	60 obstacles
Obstacles seed : 1775473788
	100 obstacles
Obstacles seed : 624549797
"/home/lionel/Documents/ENSTA/PRe/Polimi/code/data/completeDB/instance_530.txt"
Nb nodes : 600
Nb arcs : 359400
	5 obstacles
Obstacles seed : 767066249
	20 obstacles
Obstacles seed : 1886086990
	60 obstacles
Obstacles seed : 739273303
	100 obstacles
Obstacles seed : 1750003033
"/home/lionel/Documents/ENSTA/PRe/Polimi/code/data/completeDB/instance_476.txt"
Nb nodes : 100
Nb arcs : 9900
	5 obstacles
Obstacles seed : 1415505363
	20 obstacles
Obstacles seed : 78012497
	60 obstacles
Obstacles seed : 552910253
	100 obstacles
Obstacles seed : 1671294892
"/home/lionel/Documents/ENSTA/PRe/Polimi/code/data/completeDB/instance_523.txt"
Nb nodes : 600
Nb arcs : 359400
	5 obstacles
Obstacles seed : 1344247686
	20 obstacles
Obstacles seed : 1795519125
	60 obstacles
Obstacles seed : 661761152
	100 obstacles
Obstacles seed : 474613996
"/home/lionel/Documents/ENSTA/PRe/Polimi/code/data/completeDB/instance_515.txt"
Nb nodes : 600
Nb arcs : 359400
	5 obstacles
Obstacles seed : 425245975
	20 obstacles
Obstacles seed : 1315209188
	60 obstacles
Obstacles seed : 235649157
	100 obstacles
Obstacles seed : 1448703729
"/home/lionel/Documents/ENSTA/PRe/Polimi/code/data/completeDB/instance_485.txt"
Nb nodes : 200
Nb arcs : 39800
	5 obstacles
Obstacles seed : 1679895436
	20 obstacles
Obstacles seed : 1545032460
	60 obstacles
Obstacles seed : 430253414
	100 obstacles
Obstacles seed : 861543921
"/home/lionel/Documents/ENSTA/PRe/Polimi/code/data/completeDB/instance_468.txt"
Nb nodes : 100
Nb arcs : 9900
	5 obstacles
Obstacles seed : 677870460
	20 obstacles
Obstacles seed : 932026304
	60 obstacles
Obstacles seed : 496060028
	100 obstacles
Obstacles seed : 828388027
"/home/lionel/Documents/ENSTA/PRe/Polimi/code/data/completeDB/instance_559.txt"
Nb nodes : 1000
Nb arcs : 999000
	5 obstacles
Obstacles seed : 1144278050
	20 obstacles
Obstacles seed : 332266748
	60 obstacles
Obstacles seed : 1192707556
	100 obstacles
Obstacles seed : 31308902
"/home/lionel/Documents/ENSTA/PRe/Polimi/code/data/completeDB/instance_472.txt"
Nb nodes : 100
Nb arcs : 9900
	5 obstacles
Obstacles seed : 816504794
	20 obstacles
Obstacles seed : 820697697
	60 obstacles
Obstacles seed : 655858699
	100 obstacles
Obstacles seed : 1583571043
"/home/lionel/Documents/ENSTA/PRe/Polimi/code/data/completeDB/instance_508.txt"
Nb nodes : 200
Nb arcs : 39800
	5 obstacles
Obstacles seed : 559301039
	20 obstacles
Obstacles seed : 1395132002
	60 obstacles
Obstacles seed : 1186090428
	100 obstacles
Obstacles seed : 1974806403
"/home/lionel/Documents/ENSTA/PRe/Polimi/code/data/completeDB/instance_526.txt"
Nb nodes : 600
Nb arcs : 359400
	5 obstacles
Obstacles seed : 1473144500
	20 obstacles
Obstacles seed : 1739000681
	60 obstacles
Obstacles seed : 1498617647
	100 obstacles
Obstacles seed : 669908538
"/home/lionel/Documents/ENSTA/PRe/Polimi/code/data/completeDB/instance_514.txt"
Nb nodes : 600
Nb arcs : 359400
	5 obstacles
Obstacles seed : 1387036159
	20 obstacles
Obstacles seed : 12895151
	60 obstacles
Obstacles seed : 1144522535
	100 obstacles
Obstacles seed : 1812282134
"/home/lionel/Documents/ENSTA/PRe/Polimi/code/data/completeDB/instance_557.txt"
Nb nodes : 1000
Nb arcs : 999000
	5 obstacles
Obstacles seed : 1328104339
	20 obstacles
Obstacles seed : 1380171692
	60 obstacles
Obstacles seed : 1113502215
	100 obstacles
Obstacles seed : 860516127
"/home/lionel/Documents/ENSTA/PRe/Polimi/code/data/completeDB/instance_545.txt"
Nb nodes : 1000
Nb arcs : 999000
	5 obstacles
Obstacles seed : 777720504
	20 obstacles
Obstacles seed : 1543755629
	60 obstacles
Obstacles seed : 1722060049
	100 obstacles
Obstacles seed : 1455590964
"/home/lionel/Documents/ENSTA/PRe/Polimi/code/data/completeDB/instance_489.txt"
Nb nodes : 200
Nb arcs : 39800
	5 obstacles
Obstacles seed : 328298285
	20 obstacles
Obstacles seed : 70636429
	60 obstacles
Obstacles seed : 136495343
	100 obstacles
Obstacles seed : 1472576335
